{"/Users/u102105/workspace/python/falken_drinks/static/js/drink_selector.js": {"path":"/Users/u102105/workspace/python/falken_drinks/static/js/drink_selector.js","statementMap":{"0":{"start":{"line":2,"column":0},"end":{"line":89,"column":3}},"1":{"start":{"line":4,"column":27},"end":{"line":4,"column":64}},"2":{"start":{"line":5,"column":4},"end":{"line":10,"column":5}},"3":{"start":{"line":6,"column":20},"end":{"line":6,"column":30}},"4":{"start":{"line":7,"column":19},"end":{"line":7,"column":58}},"5":{"start":{"line":8,"column":19},"end":{"line":8,"column":60}},"6":{"start":{"line":9,"column":8},"end":{"line":9,"column":45}},"7":{"start":{"line":13,"column":23},"end":{"line":13,"column":62}},"8":{"start":{"line":14,"column":4},"end":{"line":17,"column":5}},"9":{"start":{"line":15,"column":8},"end":{"line":15,"column":47}},"10":{"start":{"line":16,"column":8},"end":{"line":16,"column":40}},"11":{"start":{"line":20,"column":23},"end":{"line":20,"column":55}},"12":{"start":{"line":21,"column":24},"end":{"line":21,"column":69}},"13":{"start":{"line":22,"column":24},"end":{"line":22,"column":59}},"14":{"start":{"line":24,"column":4},"end":{"line":34,"column":5}},"15":{"start":{"line":25,"column":8},"end":{"line":33,"column":11}},"16":{"start":{"line":26,"column":12},"end":{"line":32,"column":15}},"17":{"start":{"line":27,"column":16},"end":{"line":31,"column":17}},"18":{"start":{"line":28,"column":20},"end":{"line":28,"column":63}},"19":{"start":{"line":30,"column":20},"end":{"line":30,"column":55}},"20":{"start":{"line":37,"column":36},"end":{"line":37,"column":81}},"21":{"start":{"line":38,"column":4},"end":{"line":48,"column":5}},"22":{"start":{"line":39,"column":8},"end":{"line":47,"column":11}},"23":{"start":{"line":40,"column":43},"end":{"line":40,"column":94}},"24":{"start":{"line":41,"column":12},"end":{"line":46,"column":13}},"25":{"start":{"line":42,"column":16},"end":{"line":42,"column":62}},"26":{"start":{"line":43,"column":16},"end":{"line":43,"column":66}},"27":{"start":{"line":45,"column":16},"end":{"line":45,"column":91}},"28":{"start":{"line":51,"column":30},"end":{"line":51,"column":70}},"29":{"start":{"line":52,"column":4},"end":{"line":58,"column":5}},"30":{"start":{"line":53,"column":8},"end":{"line":57,"column":11}},"31":{"start":{"line":54,"column":12},"end":{"line":56,"column":13}},"32":{"start":{"line":55,"column":16},"end":{"line":55,"column":38}},"33":{"start":{"line":61,"column":31},"end":{"line":61,"column":72}},"34":{"start":{"line":62,"column":4},"end":{"line":68,"column":5}},"35":{"start":{"line":63,"column":8},"end":{"line":67,"column":11}},"36":{"start":{"line":64,"column":12},"end":{"line":66,"column":13}},"37":{"start":{"line":65,"column":16},"end":{"line":65,"column":39}},"38":{"start":{"line":71,"column":39},"end":{"line":71,"column":94}},"39":{"start":{"line":72,"column":35},"end":{"line":72,"column":86}},"40":{"start":{"line":74,"column":4},"end":{"line":88,"column":5}},"41":{"start":{"line":75,"column":8},"end":{"line":87,"column":11}},"42":{"start":{"line":76,"column":12},"end":{"line":86,"column":15}},"43":{"start":{"line":77,"column":16},"end":{"line":85,"column":17}},"44":{"start":{"line":78,"column":20},"end":{"line":78,"column":70}},"45":{"start":{"line":80,"column":20},"end":{"line":80,"column":70}},"46":{"start":{"line":81,"column":20},"end":{"line":81,"column":56}},"47":{"start":{"line":82,"column":20},"end":{"line":84,"column":21}},"48":{"start":{"line":83,"column":24},"end":{"line":83,"column":70}},"49":{"start":{"line":92,"column":20},"end":{"line":92,"column":27}},"50":{"start":{"line":93,"column":21},"end":{"line":93,"column":24}},"51":{"start":{"line":94,"column":14},"end":{"line":94,"column":21}},"52":{"start":{"line":95,"column":18},"end":{"line":95,"column":23}},"53":{"start":{"line":96,"column":19},"end":{"line":96,"column":24}},"54":{"start":{"line":97,"column":20},"end":{"line":97,"column":24}},"55":{"start":{"line":100,"column":21},"end":{"line":100,"column":64}},"56":{"start":{"line":101,"column":4},"end":{"line":101,"column":26}},"57":{"start":{"line":101,"column":19},"end":{"line":101,"column":26}},"58":{"start":{"line":102,"column":20},"end":{"line":102,"column":99}},"59":{"start":{"line":103,"column":14},"end":{"line":103,"column":54}},"60":{"start":{"line":104,"column":4},"end":{"line":109,"column":5}},"61":{"start":{"line":105,"column":8},"end":{"line":105,"column":44}},"62":{"start":{"line":106,"column":8},"end":{"line":106,"column":41}},"63":{"start":{"line":107,"column":8},"end":{"line":107,"column":198}},"64":{"start":{"line":108,"column":8},"end":{"line":108,"column":33}},"65":{"start":{"line":110,"column":4},"end":{"line":110,"column":30}},"66":{"start":{"line":111,"column":4},"end":{"line":111,"column":63}},"67":{"start":{"line":111,"column":23},"end":{"line":111,"column":53}},"68":{"start":{"line":111,"column":32},"end":{"line":111,"column":53}},"69":{"start":{"line":115,"column":21},"end":{"line":115,"column":64}},"70":{"start":{"line":116,"column":4},"end":{"line":116,"column":26}},"71":{"start":{"line":116,"column":19},"end":{"line":116,"column":26}},"72":{"start":{"line":117,"column":20},"end":{"line":117,"column":99}},"73":{"start":{"line":118,"column":16},"end":{"line":118,"column":56}},"74":{"start":{"line":119,"column":4},"end":{"line":119,"column":34}},"75":{"start":{"line":119,"column":13},"end":{"line":119,"column":34}},"76":{"start":{"line":126,"column":22},"end":{"line":126,"column":59}},"77":{"start":{"line":128,"column":4},"end":{"line":128,"column":35}},"78":{"start":{"line":129,"column":4},"end":{"line":129,"column":52}},"79":{"start":{"line":130,"column":4},"end":{"line":130,"column":54}},"80":{"start":{"line":131,"column":4},"end":{"line":131,"column":82}},"81":{"start":{"line":132,"column":4},"end":{"line":132,"column":42}},"82":{"start":{"line":134,"column":16},"end":{"line":134,"column":20}},"83":{"start":{"line":136,"column":4},"end":{"line":139,"column":5}},"84":{"start":{"line":137,"column":8},"end":{"line":137,"column":77}},"85":{"start":{"line":138,"column":8},"end":{"line":138,"column":22}},"86":{"start":{"line":141,"column":19},"end":{"line":141,"column":33}},"87":{"start":{"line":143,"column":4},"end":{"line":146,"column":5}},"88":{"start":{"line":144,"column":8},"end":{"line":144,"column":80}},"89":{"start":{"line":145,"column":8},"end":{"line":145,"column":22}},"90":{"start":{"line":148,"column":4},"end":{"line":148,"column":23}},"91":{"start":{"line":148,"column":16},"end":{"line":148,"column":23}},"92":{"start":{"line":151,"column":20},"end":{"line":151,"column":33}},"93":{"start":{"line":152,"column":4},"end":{"line":157,"column":5}},"94":{"start":{"line":153,"column":28},"end":{"line":153,"column":73}},"95":{"start":{"line":154,"column":8},"end":{"line":156,"column":9}},"96":{"start":{"line":155,"column":12},"end":{"line":155,"column":77}},"97":{"start":{"line":160,"column":28},"end":{"line":160,"column":29}},"98":{"start":{"line":161,"column":4},"end":{"line":167,"column":5}},"99":{"start":{"line":163,"column":8},"end":{"line":163,"column":59}},"100":{"start":{"line":164,"column":8},"end":{"line":166,"column":9}},"101":{"start":{"line":165,"column":12},"end":{"line":165,"column":34}},"102":{"start":{"line":170,"column":27},"end":{"line":170,"column":64}},"103":{"start":{"line":171,"column":22},"end":{"line":176,"column":5}},"104":{"start":{"line":178,"column":4},"end":{"line":178,"column":51}},"105":{"start":{"line":181,"column":19},"end":{"line":181,"column":73}},"106":{"start":{"line":182,"column":27},"end":{"line":182,"column":59}},"107":{"start":{"line":183,"column":4},"end":{"line":186,"column":5}},"108":{"start":{"line":184,"column":8},"end":{"line":184,"column":108}},"109":{"start":{"line":185,"column":8},"end":{"line":185,"column":43}},"110":{"start":{"line":189,"column":4},"end":{"line":290,"column":7}},"111":{"start":{"line":198,"column":8},"end":{"line":205,"column":9}},"112":{"start":{"line":200,"column":12},"end":{"line":204,"column":15}},"113":{"start":{"line":201,"column":16},"end":{"line":201,"column":95}},"114":{"start":{"line":203,"column":16},"end":{"line":203,"column":74}},"115":{"start":{"line":206,"column":28},"end":{"line":206,"column":64}},"116":{"start":{"line":207,"column":8},"end":{"line":209,"column":9}},"117":{"start":{"line":208,"column":12},"end":{"line":208,"column":52}},"118":{"start":{"line":210,"column":8},"end":{"line":210,"column":31}},"119":{"start":{"line":213,"column":8},"end":{"line":275,"column":9}},"120":{"start":{"line":214,"column":12},"end":{"line":218,"column":13}},"121":{"start":{"line":215,"column":16},"end":{"line":215,"column":97}},"122":{"start":{"line":217,"column":16},"end":{"line":217,"column":65}},"123":{"start":{"line":221,"column":12},"end":{"line":225,"column":14}},"124":{"start":{"line":226,"column":12},"end":{"line":226,"column":83}},"125":{"start":{"line":227,"column":12},"end":{"line":227,"column":44}},"126":{"start":{"line":230,"column":27},"end":{"line":230,"column":64}},"127":{"start":{"line":231,"column":12},"end":{"line":233,"column":13}},"128":{"start":{"line":232,"column":16},"end":{"line":232,"column":60}},"129":{"start":{"line":234,"column":12},"end":{"line":234,"column":48}},"130":{"start":{"line":237,"column":12},"end":{"line":240,"column":13}},"131":{"start":{"line":238,"column":16},"end":{"line":238,"column":52}},"132":{"start":{"line":239,"column":16},"end":{"line":239,"column":54}},"133":{"start":{"line":243,"column":32},"end":{"line":243,"column":65}},"134":{"start":{"line":244,"column":12},"end":{"line":246,"column":13}},"135":{"start":{"line":245,"column":16},"end":{"line":245,"column":39}},"136":{"start":{"line":249,"column":12},"end":{"line":249,"column":33}},"137":{"start":{"line":250,"column":12},"end":{"line":250,"column":32}},"138":{"start":{"line":251,"column":12},"end":{"line":251,"column":33}},"139":{"start":{"line":254,"column":12},"end":{"line":257,"column":15}},"140":{"start":{"line":255,"column":16},"end":{"line":255,"column":89}},"141":{"start":{"line":256,"column":16},"end":{"line":256,"column":66}},"142":{"start":{"line":260,"column":42},"end":{"line":260,"column":92}},"143":{"start":{"line":261,"column":12},"end":{"line":263,"column":13}},"144":{"start":{"line":262,"column":16},"end":{"line":262,"column":61}},"145":{"start":{"line":266,"column":12},"end":{"line":268,"column":21}},"146":{"start":{"line":267,"column":16},"end":{"line":267,"column":34}},"147":{"start":{"line":270,"column":12},"end":{"line":270,"column":63}},"148":{"start":{"line":271,"column":12},"end":{"line":274,"column":13}},"149":{"start":{"line":272,"column":16},"end":{"line":272,"column":52}},"150":{"start":{"line":273,"column":16},"end":{"line":273,"column":54}},"151":{"start":{"line":278,"column":8},"end":{"line":278,"column":39}},"152":{"start":{"line":279,"column":8},"end":{"line":282,"column":9}},"153":{"start":{"line":280,"column":12},"end":{"line":280,"column":48}},"154":{"start":{"line":281,"column":12},"end":{"line":281,"column":50}},"155":{"start":{"line":283,"column":8},"end":{"line":289,"column":9}},"156":{"start":{"line":284,"column":12},"end":{"line":284,"column":69}},"157":{"start":{"line":285,"column":15},"end":{"line":289,"column":9}},"158":{"start":{"line":286,"column":12},"end":{"line":286,"column":71}},"159":{"start":{"line":288,"column":12},"end":{"line":288,"column":79}},"160":{"start":{"line":297,"column":4},"end":{"line":297,"column":48}},"161":{"start":{"line":298,"column":4},"end":{"line":298,"column":30}},"162":{"start":{"line":299,"column":4},"end":{"line":299,"column":23}},"163":{"start":{"line":300,"column":4},"end":{"line":300,"column":41}},"164":{"start":{"line":303,"column":18},"end":{"line":303,"column":58}},"165":{"start":{"line":304,"column":4},"end":{"line":308,"column":7}},"166":{"start":{"line":305,"column":8},"end":{"line":305,"column":42}},"167":{"start":{"line":306,"column":8},"end":{"line":306,"column":59}},"168":{"start":{"line":307,"column":8},"end":{"line":307,"column":56}},"169":{"start":{"line":311,"column":24},"end":{"line":311,"column":43}},"170":{"start":{"line":312,"column":4},"end":{"line":312,"column":48}},"171":{"start":{"line":313,"column":4},"end":{"line":313,"column":91}},"172":{"start":{"line":314,"column":4},"end":{"line":314,"column":69}},"173":{"start":{"line":317,"column":24},"end":{"line":317,"column":80}},"174":{"start":{"line":318,"column":39},"end":{"line":318,"column":94}},"175":{"start":{"line":321,"column":4},"end":{"line":351,"column":5}},"176":{"start":{"line":322,"column":8},"end":{"line":350,"column":9}},"177":{"start":{"line":323,"column":12},"end":{"line":323,"column":62}},"178":{"start":{"line":326,"column":44},"end":{"line":326,"column":89}},"179":{"start":{"line":327,"column":12},"end":{"line":342,"column":13}},"180":{"start":{"line":328,"column":16},"end":{"line":341,"column":17}},"181":{"start":{"line":330,"column":24},"end":{"line":330,"column":60}},"182":{"start":{"line":331,"column":24},"end":{"line":331,"column":30}},"183":{"start":{"line":333,"column":24},"end":{"line":333,"column":61}},"184":{"start":{"line":334,"column":24},"end":{"line":334,"column":30}},"185":{"start":{"line":336,"column":24},"end":{"line":336,"column":61}},"186":{"start":{"line":337,"column":24},"end":{"line":337,"column":30}},"187":{"start":{"line":339,"column":24},"end":{"line":339,"column":61}},"188":{"start":{"line":340,"column":24},"end":{"line":340,"column":30}},"189":{"start":{"line":344,"column":12},"end":{"line":344,"column":62}},"190":{"start":{"line":346,"column":44},"end":{"line":346,"column":89}},"191":{"start":{"line":347,"column":12},"end":{"line":349,"column":13}},"192":{"start":{"line":348,"column":16},"end":{"line":348,"column":52}},"193":{"start":{"line":355,"column":4},"end":{"line":384,"column":5}},"194":{"start":{"line":357,"column":12},"end":{"line":357,"column":30}},"195":{"start":{"line":358,"column":12},"end":{"line":358,"column":18}},"196":{"start":{"line":360,"column":12},"end":{"line":360,"column":31}},"197":{"start":{"line":361,"column":12},"end":{"line":361,"column":18}},"198":{"start":{"line":366,"column":12},"end":{"line":366,"column":32}},"199":{"start":{"line":367,"column":12},"end":{"line":367,"column":18}},"200":{"start":{"line":369,"column":12},"end":{"line":369,"column":30}},"201":{"start":{"line":372,"column":32},"end":{"line":372,"column":77}},"202":{"start":{"line":373,"column":12},"end":{"line":383,"column":13}},"203":{"start":{"line":374,"column":16},"end":{"line":374,"column":59}},"204":{"start":{"line":377,"column":16},"end":{"line":382,"column":17}},"205":{"start":{"line":377,"column":29},"end":{"line":377,"column":30}},"206":{"start":{"line":378,"column":20},"end":{"line":381,"column":21}},"207":{"start":{"line":379,"column":24},"end":{"line":379,"column":54}},"208":{"start":{"line":380,"column":24},"end":{"line":380,"column":30}},"209":{"start":{"line":387,"column":24},"end":{"line":387,"column":56}},"210":{"start":{"line":388,"column":4},"end":{"line":394,"column":5}},"211":{"start":{"line":389,"column":8},"end":{"line":389,"column":35}},"212":{"start":{"line":392,"column":22},"end":{"line":392,"column":41}},"213":{"start":{"line":393,"column":8},"end":{"line":393,"column":41}},"214":{"start":{"line":397,"column":24},"end":{"line":397,"column":57}},"215":{"start":{"line":398,"column":4},"end":{"line":430,"column":5}},"216":{"start":{"line":399,"column":8},"end":{"line":429,"column":9}},"217":{"start":{"line":401,"column":16},"end":{"line":401,"column":42}},"218":{"start":{"line":402,"column":16},"end":{"line":402,"column":22}},"219":{"start":{"line":404,"column":16},"end":{"line":404,"column":42}},"220":{"start":{"line":405,"column":16},"end":{"line":405,"column":22}},"221":{"start":{"line":407,"column":16},"end":{"line":407,"column":42}},"222":{"start":{"line":408,"column":16},"end":{"line":408,"column":22}},"223":{"start":{"line":410,"column":16},"end":{"line":410,"column":42}},"224":{"start":{"line":411,"column":16},"end":{"line":411,"column":22}},"225":{"start":{"line":413,"column":16},"end":{"line":413,"column":42}},"226":{"start":{"line":414,"column":16},"end":{"line":414,"column":22}},"227":{"start":{"line":416,"column":16},"end":{"line":416,"column":41}},"228":{"start":{"line":417,"column":16},"end":{"line":417,"column":22}},"229":{"start":{"line":419,"column":16},"end":{"line":419,"column":42}},"230":{"start":{"line":420,"column":16},"end":{"line":420,"column":22}},"231":{"start":{"line":422,"column":16},"end":{"line":422,"column":42}},"232":{"start":{"line":423,"column":16},"end":{"line":423,"column":22}},"233":{"start":{"line":425,"column":16},"end":{"line":425,"column":42}},"234":{"start":{"line":426,"column":16},"end":{"line":426,"column":22}},"235":{"start":{"line":428,"column":16},"end":{"line":428,"column":42}},"236":{"start":{"line":437,"column":4},"end":{"line":437,"column":48}},"237":{"start":{"line":438,"column":4},"end":{"line":438,"column":28}},"238":{"start":{"line":439,"column":4},"end":{"line":439,"column":24}},"239":{"start":{"line":440,"column":4},"end":{"line":440,"column":42}},"240":{"start":{"line":441,"column":4},"end":{"line":441,"column":30}},"241":{"start":{"line":442,"column":4},"end":{"line":442,"column":36}},"242":{"start":{"line":443,"column":25},"end":{"line":443,"column":100}},"243":{"start":{"line":444,"column":4},"end":{"line":446,"column":5}},"244":{"start":{"line":445,"column":8},"end":{"line":445,"column":91}},"245":{"start":{"line":449,"column":34},"end":{"line":449,"column":84}},"246":{"start":{"line":450,"column":4},"end":{"line":452,"column":5}},"247":{"start":{"line":451,"column":8},"end":{"line":451,"column":53}},"248":{"start":{"line":455,"column":24},"end":{"line":455,"column":57}},"249":{"start":{"line":456,"column":4},"end":{"line":458,"column":5}},"250":{"start":{"line":457,"column":8},"end":{"line":457,"column":35}},"251":{"start":{"line":465,"column":4},"end":{"line":465,"column":42}},"252":{"start":{"line":466,"column":4},"end":{"line":466,"column":30}},"253":{"start":{"line":469,"column":26},"end":{"line":469,"column":45}},"254":{"start":{"line":470,"column":4},"end":{"line":470,"column":89}},"255":{"start":{"line":473,"column":34},"end":{"line":473,"column":84}},"256":{"start":{"line":474,"column":4},"end":{"line":486,"column":5}},"257":{"start":{"line":475,"column":8},"end":{"line":475,"column":53}},"258":{"start":{"line":478,"column":34},"end":{"line":478,"column":74}},"259":{"start":{"line":479,"column":8},"end":{"line":485,"column":9}},"260":{"start":{"line":480,"column":12},"end":{"line":482,"column":13}},"261":{"start":{"line":481,"column":16},"end":{"line":481,"column":46}},"262":{"start":{"line":483,"column":12},"end":{"line":483,"column":38}},"263":{"start":{"line":484,"column":12},"end":{"line":484,"column":39}},"264":{"start":{"line":493,"column":18},"end":{"line":493,"column":58}},"265":{"start":{"line":494,"column":20},"end":{"line":494,"column":48}},"266":{"start":{"line":495,"column":4},"end":{"line":495,"column":48}},"267":{"start":{"line":502,"column":30},"end":{"line":502,"column":70}},"268":{"start":{"line":503,"column":19},"end":{"line":503,"column":52}},"269":{"start":{"line":504,"column":4},"end":{"line":507,"column":5}},"270":{"start":{"line":505,"column":8},"end":{"line":505,"column":78}},"271":{"start":{"line":506,"column":8},"end":{"line":506,"column":15}},"272":{"start":{"line":508,"column":4},"end":{"line":508,"column":28}},"273":{"start":{"line":509,"column":4},"end":{"line":509,"column":24}},"274":{"start":{"line":510,"column":4},"end":{"line":510,"column":42}},"275":{"start":{"line":511,"column":4},"end":{"line":511,"column":42}},"276":{"start":{"line":512,"column":25},"end":{"line":512,"column":97}},"277":{"start":{"line":513,"column":4},"end":{"line":516,"column":5}},"278":{"start":{"line":514,"column":8},"end":{"line":514,"column":34}},"279":{"start":{"line":515,"column":8},"end":{"line":515,"column":90}},"280":{"start":{"line":517,"column":4},"end":{"line":517,"column":78}},"281":{"start":{"line":521,"column":4},"end":{"line":534,"column":7}},"282":{"start":{"line":522,"column":30},"end":{"line":522,"column":57}},"283":{"start":{"line":523,"column":8},"end":{"line":525,"column":9}},"284":{"start":{"line":524,"column":12},"end":{"line":524,"column":19}},"285":{"start":{"line":526,"column":8},"end":{"line":526,"column":44}},"286":{"start":{"line":527,"column":8},"end":{"line":529,"column":40}},"287":{"start":{"line":530,"column":8},"end":{"line":530,"column":44}},"288":{"start":{"line":531,"column":8},"end":{"line":531,"column":44}},"289":{"start":{"line":532,"column":8},"end":{"line":532,"column":51}},"290":{"start":{"line":533,"column":8},"end":{"line":533,"column":47}},"291":{"start":{"line":538,"column":26},"end":{"line":538,"column":63}},"292":{"start":{"line":539,"column":4},"end":{"line":541,"column":5}},"293":{"start":{"line":540,"column":8},"end":{"line":540,"column":15}},"294":{"start":{"line":542,"column":4},"end":{"line":542,"column":43}},"295":{"start":{"line":543,"column":4},"end":{"line":543,"column":53}},"296":{"start":{"line":544,"column":4},"end":{"line":544,"column":40}},"297":{"start":{"line":545,"column":4},"end":{"line":545,"column":50}},"298":{"start":{"line":546,"column":4},"end":{"line":546,"column":50}},"299":{"start":{"line":547,"column":4},"end":{"line":547,"column":46}},"300":{"start":{"line":551,"column":25},"end":{"line":551,"column":101}},"301":{"start":{"line":552,"column":4},"end":{"line":554,"column":5}},"302":{"start":{"line":553,"column":8},"end":{"line":553,"column":15}},"303":{"start":{"line":555,"column":4},"end":{"line":555,"column":64}},"304":{"start":{"line":562,"column":31},"end":{"line":562,"column":72}},"305":{"start":{"line":563,"column":4},"end":{"line":566,"column":5}},"306":{"start":{"line":564,"column":8},"end":{"line":564,"column":53}},"307":{"start":{"line":565,"column":8},"end":{"line":565,"column":15}},"308":{"start":{"line":568,"column":30},"end":{"line":568,"column":66}},"309":{"start":{"line":569,"column":4},"end":{"line":572,"column":5}},"310":{"start":{"line":570,"column":8},"end":{"line":570,"column":76}},"311":{"start":{"line":571,"column":8},"end":{"line":571,"column":15}},"312":{"start":{"line":574,"column":4},"end":{"line":574,"column":74}},"313":{"start":{"line":577,"column":4},"end":{"line":577,"column":79}},"314":{"start":{"line":580,"column":4},"end":{"line":580,"column":103}},"315":{"start":{"line":587,"column":36},"end":{"line":587,"column":81}},"316":{"start":{"line":588,"column":4},"end":{"line":588,"column":43}},"317":{"start":{"line":588,"column":34},"end":{"line":588,"column":43}},"318":{"start":{"line":590,"column":4},"end":{"line":594,"column":5}},"319":{"start":{"line":591,"column":8},"end":{"line":591,"column":90}},"320":{"start":{"line":593,"column":8},"end":{"line":593,"column":57}},"321":{"start":{"line":601,"column":19},"end":{"line":601,"column":65}},"322":{"start":{"line":602,"column":21},"end":{"line":602,"column":64}},"323":{"start":{"line":603,"column":4},"end":{"line":603,"column":37}},"324":{"start":{"line":603,"column":30},"end":{"line":603,"column":37}},"325":{"start":{"line":605,"column":4},"end":{"line":605,"column":85}},"326":{"start":{"line":606,"column":4},"end":{"line":606,"column":35}},"327":{"start":{"line":613,"column":4},"end":{"line":613,"column":31}},"328":{"start":{"line":613,"column":24},"end":{"line":613,"column":31}},"329":{"start":{"line":615,"column":16},"end":{"line":615,"column":26}},"330":{"start":{"line":616,"column":15},"end":{"line":616,"column":54}},"331":{"start":{"line":617,"column":15},"end":{"line":617,"column":56}},"332":{"start":{"line":619,"column":22},"end":{"line":624,"column":5}},"333":{"start":{"line":627,"column":22},"end":{"line":627,"column":65}},"334":{"start":{"line":628,"column":30},"end":{"line":628,"column":68}},"335":{"start":{"line":629,"column":4},"end":{"line":632,"column":5}},"336":{"start":{"line":630,"column":8},"end":{"line":630,"column":111}},"337":{"start":{"line":631,"column":8},"end":{"line":631,"column":46}},"338":{"start":{"line":634,"column":4},"end":{"line":634,"column":47}},"339":{"start":{"line":636,"column":4},"end":{"line":680,"column":7}},"340":{"start":{"line":643,"column":8},"end":{"line":649,"column":9}},"341":{"start":{"line":644,"column":12},"end":{"line":648,"column":15}},"342":{"start":{"line":645,"column":16},"end":{"line":645,"column":89}},"343":{"start":{"line":647,"column":16},"end":{"line":647,"column":74}},"344":{"start":{"line":650,"column":8},"end":{"line":650,"column":31}},"345":{"start":{"line":653,"column":8},"end":{"line":671,"column":9}},"346":{"start":{"line":654,"column":22},"end":{"line":654,"column":88}},"347":{"start":{"line":655,"column":12},"end":{"line":657,"column":13}},"348":{"start":{"line":656,"column":16},"end":{"line":656,"column":70}},"349":{"start":{"line":658,"column":12},"end":{"line":658,"column":43}},"350":{"start":{"line":659,"column":12},"end":{"line":662,"column":13}},"351":{"start":{"line":660,"column":16},"end":{"line":660,"column":58}},"352":{"start":{"line":661,"column":16},"end":{"line":661,"column":57}},"353":{"start":{"line":663,"column":12},"end":{"line":663,"column":44}},"354":{"start":{"line":664,"column":12},"end":{"line":664,"column":59}},"355":{"start":{"line":664,"column":31},"end":{"line":664,"column":49}},"356":{"start":{"line":666,"column":12},"end":{"line":666,"column":63}},"357":{"start":{"line":667,"column":12},"end":{"line":670,"column":13}},"358":{"start":{"line":668,"column":16},"end":{"line":668,"column":58}},"359":{"start":{"line":669,"column":16},"end":{"line":669,"column":57}},"360":{"start":{"line":674,"column":8},"end":{"line":674,"column":55}},"361":{"start":{"line":675,"column":8},"end":{"line":675,"column":77}},"362":{"start":{"line":676,"column":8},"end":{"line":679,"column":9}},"363":{"start":{"line":677,"column":12},"end":{"line":677,"column":54}},"364":{"start":{"line":678,"column":12},"end":{"line":678,"column":53}},"365":{"start":{"line":687,"column":20},"end":{"line":687,"column":58}},"366":{"start":{"line":688,"column":22},"end":{"line":688,"column":65}},"367":{"start":{"line":689,"column":4},"end":{"line":689,"column":39}},"368":{"start":{"line":689,"column":32},"end":{"line":689,"column":39}},"369":{"start":{"line":691,"column":4},"end":{"line":691,"column":76}},"370":{"start":{"line":692,"column":4},"end":{"line":692,"column":36}},"371":{"start":{"line":694,"column":18},"end":{"line":694,"column":46}},"372":{"start":{"line":695,"column":4},"end":{"line":695,"column":17}}},"fnMap":{"0":{"name":"(anonymous_0)","decl":{"start":{"line":2,"column":46},"end":{"line":2,"column":47}},"loc":{"start":{"line":2,"column":57},"end":{"line":89,"column":1}},"line":2},"1":{"name":"(anonymous_1)","decl":{"start":{"line":25,"column":28},"end":{"line":25,"column":29}},"loc":{"start":{"line":25,"column":37},"end":{"line":33,"column":9}},"line":25},"2":{"name":"(anonymous_2)","decl":{"start":{"line":26,"column":45},"end":{"line":26,"column":46}},"loc":{"start":{"line":26,"column":56},"end":{"line":32,"column":13}},"line":26},"3":{"name":"(anonymous_3)","decl":{"start":{"line":39,"column":59},"end":{"line":39,"column":60}},"loc":{"start":{"line":39,"column":70},"end":{"line":47,"column":9}},"line":39},"4":{"name":"(anonymous_4)","decl":{"start":{"line":53,"column":52},"end":{"line":53,"column":53}},"loc":{"start":{"line":53,"column":68},"end":{"line":57,"column":9}},"line":53},"5":{"name":"(anonymous_5)","decl":{"start":{"line":63,"column":53},"end":{"line":63,"column":54}},"loc":{"start":{"line":63,"column":69},"end":{"line":67,"column":9}},"line":63},"6":{"name":"(anonymous_6)","decl":{"start":{"line":75,"column":28},"end":{"line":75,"column":29}},"loc":{"start":{"line":75,"column":37},"end":{"line":87,"column":9}},"line":75},"7":{"name":"(anonymous_7)","decl":{"start":{"line":76,"column":45},"end":{"line":76,"column":46}},"loc":{"start":{"line":76,"column":56},"end":{"line":86,"column":13}},"line":76},"8":{"name":"showCarouselError","decl":{"start":{"line":99,"column":9},"end":{"line":99,"column":26}},"loc":{"start":{"line":99,"column":51},"end":{"line":112,"column":1}},"line":99},"9":{"name":"(anonymous_9)","decl":{"start":{"line":111,"column":15},"end":{"line":111,"column":16}},"loc":{"start":{"line":111,"column":21},"end":{"line":111,"column":55}},"line":111},"10":{"name":"clearCarouselError","decl":{"start":{"line":114,"column":9},"end":{"line":114,"column":27}},"loc":{"start":{"line":114,"column":43},"end":{"line":120,"column":1}},"line":114},"11":{"name":"addDrink","decl":{"start":{"line":125,"column":9},"end":{"line":125,"column":17}},"loc":{"start":{"line":125,"column":20},"end":{"line":291,"column":1}},"line":125},"12":{"name":"(anonymous_12)","decl":{"start":{"line":197,"column":10},"end":{"line":197,"column":11}},"loc":{"start":{"line":197,"column":22},"end":{"line":211,"column":5}},"line":197},"13":{"name":"(anonymous_13)","decl":{"start":{"line":200,"column":40},"end":{"line":200,"column":41}},"loc":{"start":{"line":200,"column":53},"end":{"line":202,"column":13}},"line":200},"14":{"name":"(anonymous_14)","decl":{"start":{"line":202,"column":21},"end":{"line":202,"column":22}},"loc":{"start":{"line":202,"column":27},"end":{"line":204,"column":13}},"line":202},"15":{"name":"(anonymous_15)","decl":{"start":{"line":212,"column":10},"end":{"line":212,"column":11}},"loc":{"start":{"line":212,"column":18},"end":{"line":276,"column":5}},"line":212},"16":{"name":"(anonymous_16)","decl":{"start":{"line":254,"column":64},"end":{"line":254,"column":65}},"loc":{"start":{"line":254,"column":74},"end":{"line":257,"column":13}},"line":254},"17":{"name":"(anonymous_17)","decl":{"start":{"line":266,"column":23},"end":{"line":266,"column":24}},"loc":{"start":{"line":266,"column":29},"end":{"line":268,"column":13}},"line":266},"18":{"name":"(anonymous_18)","decl":{"start":{"line":277,"column":11},"end":{"line":277,"column":12}},"loc":{"start":{"line":277,"column":20},"end":{"line":290,"column":5}},"line":277},"19":{"name":"selectDrink","decl":{"start":{"line":296,"column":9},"end":{"line":296,"column":20}},"loc":{"start":{"line":296,"column":32},"end":{"line":431,"column":1}},"line":296},"20":{"name":"(anonymous_20)","decl":{"start":{"line":304,"column":18},"end":{"line":304,"column":19}},"loc":{"start":{"line":304,"column":26},"end":{"line":308,"column":5}},"line":304},"21":{"name":"selectAmount","decl":{"start":{"line":436,"column":9},"end":{"line":436,"column":21}},"loc":{"start":{"line":436,"column":30},"end":{"line":459,"column":1}},"line":436},"22":{"name":"selectCustomAmount","decl":{"start":{"line":464,"column":9},"end":{"line":464,"column":27}},"loc":{"start":{"line":464,"column":30},"end":{"line":487,"column":1}},"line":464},"23":{"name":"changeCustomAmount","decl":{"start":{"line":492,"column":9},"end":{"line":492,"column":27}},"loc":{"start":{"line":492,"column":35},"end":{"line":496,"column":1}},"line":492},"24":{"name":"confirmCustomAmount","decl":{"start":{"line":501,"column":9},"end":{"line":501,"column":28}},"loc":{"start":{"line":501,"column":31},"end":{"line":518,"column":1}},"line":501},"25":{"name":"resetAmountOptionStyles","decl":{"start":{"line":520,"column":9},"end":{"line":520,"column":32}},"loc":{"start":{"line":520,"column":35},"end":{"line":535,"column":1}},"line":520},"26":{"name":"(anonymous_26)","decl":{"start":{"line":521,"column":56},"end":{"line":521,"column":57}},"loc":{"start":{"line":521,"column":66},"end":{"line":534,"column":5}},"line":521},"27":{"name":"highlightAmountOption","decl":{"start":{"line":537,"column":9},"end":{"line":537,"column":30}},"loc":{"start":{"line":537,"column":67},"end":{"line":548,"column":1}},"line":537},"28":{"name":"updateCustomAmountOptionLabel","decl":{"start":{"line":550,"column":9},"end":{"line":550,"column":38}},"loc":{"start":{"line":550,"column":47},"end":{"line":556,"column":1}},"line":550},"29":{"name":"confirmCustomAlcohol","decl":{"start":{"line":561,"column":9},"end":{"line":561,"column":29}},"loc":{"start":{"line":561,"column":32},"end":{"line":581,"column":1}},"line":561},"30":{"name":"getSelectedAlcoholPercentage","decl":{"start":{"line":586,"column":9},"end":{"line":586,"column":37}},"loc":{"start":{"line":586,"column":40},"end":{"line":595,"column":1}},"line":586},"31":{"name":"showRepeatBanner","decl":{"start":{"line":600,"column":9},"end":{"line":600,"column":25}},"loc":{"start":{"line":600,"column":37},"end":{"line":607,"column":1}},"line":600},"32":{"name":"repeatLastDrink","decl":{"start":{"line":612,"column":9},"end":{"line":612,"column":24}},"loc":{"start":{"line":612,"column":27},"end":{"line":681,"column":1}},"line":612},"33":{"name":"(anonymous_33)","decl":{"start":{"line":642,"column":10},"end":{"line":642,"column":11}},"loc":{"start":{"line":642,"column":22},"end":{"line":651,"column":5}},"line":642},"34":{"name":"(anonymous_34)","decl":{"start":{"line":644,"column":40},"end":{"line":644,"column":41}},"loc":{"start":{"line":644,"column":47},"end":{"line":646,"column":13}},"line":644},"35":{"name":"(anonymous_35)","decl":{"start":{"line":646,"column":21},"end":{"line":646,"column":22}},"loc":{"start":{"line":646,"column":27},"end":{"line":648,"column":13}},"line":646},"36":{"name":"(anonymous_36)","decl":{"start":{"line":652,"column":10},"end":{"line":652,"column":11}},"loc":{"start":{"line":652,"column":18},"end":{"line":672,"column":5}},"line":652},"37":{"name":"(anonymous_37)","decl":{"start":{"line":664,"column":23},"end":{"line":664,"column":24}},"loc":{"start":{"line":664,"column":29},"end":{"line":664,"column":51}},"line":664},"38":{"name":"(anonymous_38)","decl":{"start":{"line":673,"column":11},"end":{"line":673,"column":12}},"loc":{"start":{"line":673,"column":20},"end":{"line":680,"column":5}},"line":673},"39":{"name":"showDrinkToast","decl":{"start":{"line":686,"column":9},"end":{"line":686,"column":23}},"loc":{"start":{"line":686,"column":39},"end":{"line":696,"column":1}},"line":686}},"branchMap":{"0":{"loc":{"start":{"line":5,"column":4},"end":{"line":10,"column":5}},"type":"if","locations":[{"start":{"line":5,"column":4},"end":{"line":10,"column":5}},{"start":{},"end":{}}],"line":5},"1":{"loc":{"start":{"line":14,"column":4},"end":{"line":17,"column":5}},"type":"if","locations":[{"start":{"line":14,"column":4},"end":{"line":17,"column":5}},{"start":{},"end":{}}],"line":14},"2":{"loc":{"start":{"line":24,"column":4},"end":{"line":34,"column":5}},"type":"if","locations":[{"start":{"line":24,"column":4},"end":{"line":34,"column":5}},{"start":{},"end":{}}],"line":24},"3":{"loc":{"start":{"line":24,"column":8},"end":{"line":24,"column":48}},"type":"binary-expr","locations":[{"start":{"line":24,"column":8},"end":{"line":24,"column":19}},{"start":{"line":24,"column":23},"end":{"line":24,"column":33}},{"start":{"line":24,"column":37},"end":{"line":24,"column":48}}],"line":24},"4":{"loc":{"start":{"line":27,"column":16},"end":{"line":31,"column":17}},"type":"if","locations":[{"start":{"line":27,"column":16},"end":{"line":31,"column":17}},{"start":{"line":29,"column":23},"end":{"line":31,"column":17}}],"line":27},"5":{"loc":{"start":{"line":38,"column":4},"end":{"line":48,"column":5}},"type":"if","locations":[{"start":{"line":38,"column":4},"end":{"line":48,"column":5}},{"start":{},"end":{}}],"line":38},"6":{"loc":{"start":{"line":41,"column":12},"end":{"line":46,"column":13}},"type":"if","locations":[{"start":{"line":41,"column":12},"end":{"line":46,"column":13}},{"start":{"line":44,"column":19},"end":{"line":46,"column":13}}],"line":41},"7":{"loc":{"start":{"line":41,"column":16},"end":{"line":41,"column":84}},"type":"binary-expr","locations":[{"start":{"line":41,"column":16},"end":{"line":41,"column":58}},{"start":{"line":41,"column":62},"end":{"line":41,"column":84}}],"line":41},"8":{"loc":{"start":{"line":52,"column":4},"end":{"line":58,"column":5}},"type":"if","locations":[{"start":{"line":52,"column":4},"end":{"line":58,"column":5}},{"start":{},"end":{}}],"line":52},"9":{"loc":{"start":{"line":54,"column":12},"end":{"line":56,"column":13}},"type":"if","locations":[{"start":{"line":54,"column":12},"end":{"line":56,"column":13}},{"start":{},"end":{}}],"line":54},"10":{"loc":{"start":{"line":62,"column":4},"end":{"line":68,"column":5}},"type":"if","locations":[{"start":{"line":62,"column":4},"end":{"line":68,"column":5}},{"start":{},"end":{}}],"line":62},"11":{"loc":{"start":{"line":64,"column":12},"end":{"line":66,"column":13}},"type":"if","locations":[{"start":{"line":64,"column":12},"end":{"line":66,"column":13}},{"start":{},"end":{}}],"line":64},"12":{"loc":{"start":{"line":74,"column":4},"end":{"line":88,"column":5}},"type":"if","locations":[{"start":{"line":74,"column":4},"end":{"line":88,"column":5}},{"start":{},"end":{}}],"line":74},"13":{"loc":{"start":{"line":74,"column":8},"end":{"line":74,"column":76}},"type":"binary-expr","locations":[{"start":{"line":74,"column":8},"end":{"line":74,"column":19}},{"start":{"line":74,"column":23},"end":{"line":74,"column":49}},{"start":{"line":74,"column":53},"end":{"line":74,"column":76}}],"line":74},"14":{"loc":{"start":{"line":77,"column":16},"end":{"line":85,"column":17}},"type":"if","locations":[{"start":{"line":77,"column":16},"end":{"line":85,"column":17}},{"start":{"line":79,"column":23},"end":{"line":85,"column":17}}],"line":77},"15":{"loc":{"start":{"line":77,"column":20},"end":{"line":77,"column":120}},"type":"binary-expr","locations":[{"start":{"line":77,"column":20},"end":{"line":77,"column":41}},{"start":{"line":77,"column":45},"end":{"line":77,"column":66}},{"start":{"line":77,"column":70},"end":{"line":77,"column":95}},{"start":{"line":77,"column":99},"end":{"line":77,"column":120}}],"line":77},"16":{"loc":{"start":{"line":82,"column":20},"end":{"line":84,"column":21}},"type":"if","locations":[{"start":{"line":82,"column":20},"end":{"line":84,"column":21}},{"start":{},"end":{}}],"line":82},"17":{"loc":{"start":{"line":101,"column":4},"end":{"line":101,"column":26}},"type":"if","locations":[{"start":{"line":101,"column":4},"end":{"line":101,"column":26}},{"start":{},"end":{}}],"line":101},"18":{"loc":{"start":{"line":102,"column":20},"end":{"line":102,"column":99}},"type":"binary-expr","locations":[{"start":{"line":102,"column":20},"end":{"line":102,"column":73}},{"start":{"line":102,"column":77},"end":{"line":102,"column":99}}],"line":102},"19":{"loc":{"start":{"line":104,"column":4},"end":{"line":109,"column":5}},"type":"if","locations":[{"start":{"line":104,"column":4},"end":{"line":109,"column":5}},{"start":{},"end":{}}],"line":104},"20":{"loc":{"start":{"line":111,"column":23},"end":{"line":111,"column":53}},"type":"if","locations":[{"start":{"line":111,"column":23},"end":{"line":111,"column":53}},{"start":{},"end":{}}],"line":111},"21":{"loc":{"start":{"line":116,"column":4},"end":{"line":116,"column":26}},"type":"if","locations":[{"start":{"line":116,"column":4},"end":{"line":116,"column":26}},{"start":{},"end":{}}],"line":116},"22":{"loc":{"start":{"line":117,"column":20},"end":{"line":117,"column":99}},"type":"binary-expr","locations":[{"start":{"line":117,"column":20},"end":{"line":117,"column":73}},{"start":{"line":117,"column":77},"end":{"line":117,"column":99}}],"line":117},"23":{"loc":{"start":{"line":119,"column":4},"end":{"line":119,"column":34}},"type":"if","locations":[{"start":{"line":119,"column":4},"end":{"line":119,"column":34}},{"start":{},"end":{}}],"line":119},"24":{"loc":{"start":{"line":136,"column":4},"end":{"line":139,"column":5}},"type":"if","locations":[{"start":{"line":136,"column":4},"end":{"line":139,"column":5}},{"start":{},"end":{}}],"line":136},"25":{"loc":{"start":{"line":143,"column":4},"end":{"line":146,"column":5}},"type":"if","locations":[{"start":{"line":143,"column":4},"end":{"line":146,"column":5}},{"start":{},"end":{}}],"line":143},"26":{"loc":{"start":{"line":143,"column":8},"end":{"line":143,"column":64}},"type":"binary-expr","locations":[{"start":{"line":143,"column":8},"end":{"line":143,"column":21}},{"start":{"line":143,"column":25},"end":{"line":143,"column":32}},{"start":{"line":143,"column":36},"end":{"line":143,"column":49}},{"start":{"line":143,"column":53},"end":{"line":143,"column":64}}],"line":143},"27":{"loc":{"start":{"line":148,"column":4},"end":{"line":148,"column":23}},"type":"if","locations":[{"start":{"line":148,"column":4},"end":{"line":148,"column":23}},{"start":{},"end":{}}],"line":148},"28":{"loc":{"start":{"line":152,"column":4},"end":{"line":157,"column":5}},"type":"if","locations":[{"start":{"line":152,"column":4},"end":{"line":157,"column":5}},{"start":{},"end":{}}],"line":152},"29":{"loc":{"start":{"line":154,"column":8},"end":{"line":156,"column":9}},"type":"if","locations":[{"start":{"line":154,"column":8},"end":{"line":156,"column":9}},{"start":{},"end":{}}],"line":154},"30":{"loc":{"start":{"line":154,"column":12},"end":{"line":154,"column":57}},"type":"binary-expr","locations":[{"start":{"line":154,"column":12},"end":{"line":154,"column":23}},{"start":{"line":154,"column":27},"end":{"line":154,"column":57}}],"line":154},"31":{"loc":{"start":{"line":161,"column":4},"end":{"line":167,"column":5}},"type":"if","locations":[{"start":{"line":161,"column":4},"end":{"line":167,"column":5}},{"start":{},"end":{}}],"line":161},"32":{"loc":{"start":{"line":161,"column":8},"end":{"line":162,"column":36}},"type":"binary-expr","locations":[{"start":{"line":161,"column":8},"end":{"line":161,"column":64}},{"start":{"line":162,"column":9},"end":{"line":162,"column":36}}],"line":161},"33":{"loc":{"start":{"line":164,"column":8},"end":{"line":166,"column":9}},"type":"if","locations":[{"start":{"line":164,"column":8},"end":{"line":166,"column":9}},{"start":{},"end":{}}],"line":164},"34":{"loc":{"start":{"line":164,"column":12},"end":{"line":164,"column":61}},"type":"binary-expr","locations":[{"start":{"line":164,"column":12},"end":{"line":164,"column":36}},{"start":{"line":164,"column":40},"end":{"line":164,"column":61}}],"line":164},"35":{"loc":{"start":{"line":175,"column":20},"end":{"line":175,"column":64}},"type":"cond-expr","locations":[{"start":{"line":175,"column":37},"end":{"line":175,"column":57}},{"start":{"line":175,"column":60},"end":{"line":175,"column":64}}],"line":175},"36":{"loc":{"start":{"line":182,"column":27},"end":{"line":182,"column":59}},"type":"cond-expr","locations":[{"start":{"line":182,"column":36},"end":{"line":182,"column":54}},{"start":{"line":182,"column":57},"end":{"line":182,"column":59}}],"line":182},"37":{"loc":{"start":{"line":183,"column":4},"end":{"line":186,"column":5}},"type":"if","locations":[{"start":{"line":183,"column":4},"end":{"line":186,"column":5}},{"start":{},"end":{}}],"line":183},"38":{"loc":{"start":{"line":198,"column":8},"end":{"line":205,"column":9}},"type":"if","locations":[{"start":{"line":198,"column":8},"end":{"line":205,"column":9}},{"start":{},"end":{}}],"line":198},"39":{"loc":{"start":{"line":201,"column":32},"end":{"line":201,"column":93}},"type":"binary-expr","locations":[{"start":{"line":201,"column":32},"end":{"line":201,"column":49}},{"start":{"line":201,"column":53},"end":{"line":201,"column":93}}],"line":201},"40":{"loc":{"start":{"line":207,"column":8},"end":{"line":209,"column":9}},"type":"if","locations":[{"start":{"line":207,"column":8},"end":{"line":209,"column":9}},{"start":{},"end":{}}],"line":207},"41":{"loc":{"start":{"line":207,"column":12},"end":{"line":207,"column":69}},"type":"binary-expr","locations":[{"start":{"line":207,"column":12},"end":{"line":207,"column":24}},{"start":{"line":207,"column":28},"end":{"line":207,"column":69}}],"line":207},"42":{"loc":{"start":{"line":213,"column":8},"end":{"line":275,"column":9}},"type":"if","locations":[{"start":{"line":213,"column":8},"end":{"line":275,"column":9}},{"start":{"line":269,"column":15},"end":{"line":275,"column":9}}],"line":213},"43":{"loc":{"start":{"line":214,"column":12},"end":{"line":218,"column":13}},"type":"if","locations":[{"start":{"line":214,"column":12},"end":{"line":218,"column":13}},{"start":{"line":216,"column":19},"end":{"line":218,"column":13}}],"line":214},"44":{"loc":{"start":{"line":231,"column":12},"end":{"line":233,"column":13}},"type":"if","locations":[{"start":{"line":231,"column":12},"end":{"line":233,"column":13}},{"start":{},"end":{}}],"line":231},"45":{"loc":{"start":{"line":237,"column":12},"end":{"line":240,"column":13}},"type":"if","locations":[{"start":{"line":237,"column":12},"end":{"line":240,"column":13}},{"start":{},"end":{}}],"line":237},"46":{"loc":{"start":{"line":244,"column":12},"end":{"line":246,"column":13}},"type":"if","locations":[{"start":{"line":244,"column":12},"end":{"line":246,"column":13}},{"start":{},"end":{}}],"line":244},"47":{"loc":{"start":{"line":261,"column":12},"end":{"line":263,"column":13}},"type":"if","locations":[{"start":{"line":261,"column":12},"end":{"line":263,"column":13}},{"start":{},"end":{}}],"line":261},"48":{"loc":{"start":{"line":271,"column":12},"end":{"line":274,"column":13}},"type":"if","locations":[{"start":{"line":271,"column":12},"end":{"line":274,"column":13}},{"start":{},"end":{}}],"line":271},"49":{"loc":{"start":{"line":279,"column":8},"end":{"line":282,"column":9}},"type":"if","locations":[{"start":{"line":279,"column":8},"end":{"line":282,"column":9}},{"start":{},"end":{}}],"line":279},"50":{"loc":{"start":{"line":283,"column":8},"end":{"line":289,"column":9}},"type":"if","locations":[{"start":{"line":283,"column":8},"end":{"line":289,"column":9}},{"start":{"line":285,"column":15},"end":{"line":289,"column":9}}],"line":283},"51":{"loc":{"start":{"line":285,"column":15},"end":{"line":289,"column":9}},"type":"if","locations":[{"start":{"line":285,"column":15},"end":{"line":289,"column":9}},{"start":{"line":287,"column":15},"end":{"line":289,"column":9}}],"line":285},"52":{"loc":{"start":{"line":321,"column":4},"end":{"line":351,"column":5}},"type":"if","locations":[{"start":{"line":321,"column":4},"end":{"line":351,"column":5}},{"start":{},"end":{}}],"line":321},"53":{"loc":{"start":{"line":322,"column":8},"end":{"line":350,"column":9}},"type":"if","locations":[{"start":{"line":322,"column":8},"end":{"line":350,"column":9}},{"start":{"line":343,"column":15},"end":{"line":350,"column":9}}],"line":322},"54":{"loc":{"start":{"line":327,"column":12},"end":{"line":342,"column":13}},"type":"if","locations":[{"start":{"line":327,"column":12},"end":{"line":342,"column":13}},{"start":{},"end":{}}],"line":327},"55":{"loc":{"start":{"line":328,"column":16},"end":{"line":341,"column":17}},"type":"switch","locations":[{"start":{"line":329,"column":20},"end":{"line":331,"column":30}},{"start":{"line":332,"column":20},"end":{"line":334,"column":30}},{"start":{"line":335,"column":20},"end":{"line":337,"column":30}},{"start":{"line":338,"column":20},"end":{"line":340,"column":30}}],"line":328},"56":{"loc":{"start":{"line":347,"column":12},"end":{"line":349,"column":13}},"type":"if","locations":[{"start":{"line":347,"column":12},"end":{"line":349,"column":13}},{"start":{},"end":{}}],"line":347},"57":{"loc":{"start":{"line":355,"column":4},"end":{"line":384,"column":5}},"type":"switch","locations":[{"start":{"line":356,"column":8},"end":{"line":358,"column":18}},{"start":{"line":359,"column":8},"end":{"line":361,"column":18}},{"start":{"line":362,"column":8},"end":{"line":362,"column":20}},{"start":{"line":363,"column":8},"end":{"line":363,"column":20}},{"start":{"line":364,"column":8},"end":{"line":364,"column":24}},{"start":{"line":365,"column":8},"end":{"line":367,"column":18}},{"start":{"line":368,"column":8},"end":{"line":383,"column":13}}],"line":355},"58":{"loc":{"start":{"line":373,"column":12},"end":{"line":383,"column":13}},"type":"if","locations":[{"start":{"line":373,"column":12},"end":{"line":383,"column":13}},{"start":{},"end":{}}],"line":373},"59":{"loc":{"start":{"line":378,"column":20},"end":{"line":381,"column":21}},"type":"if","locations":[{"start":{"line":378,"column":20},"end":{"line":381,"column":21}},{"start":{},"end":{}}],"line":378},"60":{"loc":{"start":{"line":388,"column":4},"end":{"line":394,"column":5}},"type":"if","locations":[{"start":{"line":388,"column":4},"end":{"line":394,"column":5}},{"start":{},"end":{}}],"line":388},"61":{"loc":{"start":{"line":398,"column":4},"end":{"line":430,"column":5}},"type":"if","locations":[{"start":{"line":398,"column":4},"end":{"line":430,"column":5}},{"start":{},"end":{}}],"line":398},"62":{"loc":{"start":{"line":399,"column":8},"end":{"line":429,"column":9}},"type":"switch","locations":[{"start":{"line":400,"column":12},"end":{"line":402,"column":22}},{"start":{"line":403,"column":12},"end":{"line":405,"column":22}},{"start":{"line":406,"column":12},"end":{"line":408,"column":22}},{"start":{"line":409,"column":12},"end":{"line":411,"column":22}},{"start":{"line":412,"column":12},"end":{"line":414,"column":22}},{"start":{"line":415,"column":12},"end":{"line":417,"column":22}},{"start":{"line":418,"column":12},"end":{"line":420,"column":22}},{"start":{"line":421,"column":12},"end":{"line":423,"column":22}},{"start":{"line":424,"column":12},"end":{"line":426,"column":22}},{"start":{"line":427,"column":12},"end":{"line":428,"column":42}}],"line":399},"63":{"loc":{"start":{"line":444,"column":4},"end":{"line":446,"column":5}},"type":"if","locations":[{"start":{"line":444,"column":4},"end":{"line":446,"column":5}},{"start":{},"end":{}}],"line":444},"64":{"loc":{"start":{"line":450,"column":4},"end":{"line":452,"column":5}},"type":"if","locations":[{"start":{"line":450,"column":4},"end":{"line":452,"column":5}},{"start":{},"end":{}}],"line":450},"65":{"loc":{"start":{"line":456,"column":4},"end":{"line":458,"column":5}},"type":"if","locations":[{"start":{"line":456,"column":4},"end":{"line":458,"column":5}},{"start":{},"end":{}}],"line":456},"66":{"loc":{"start":{"line":474,"column":4},"end":{"line":486,"column":5}},"type":"if","locations":[{"start":{"line":474,"column":4},"end":{"line":486,"column":5}},{"start":{},"end":{}}],"line":474},"67":{"loc":{"start":{"line":479,"column":8},"end":{"line":485,"column":9}},"type":"if","locations":[{"start":{"line":479,"column":8},"end":{"line":485,"column":9}},{"start":{},"end":{}}],"line":479},"68":{"loc":{"start":{"line":480,"column":12},"end":{"line":482,"column":13}},"type":"if","locations":[{"start":{"line":480,"column":12},"end":{"line":482,"column":13}},{"start":{},"end":{}}],"line":480},"69":{"loc":{"start":{"line":480,"column":16},"end":{"line":480,"column":72}},"type":"binary-expr","locations":[{"start":{"line":480,"column":16},"end":{"line":480,"column":40}},{"start":{"line":480,"column":44},"end":{"line":480,"column":72}}],"line":480},"70":{"loc":{"start":{"line":494,"column":20},"end":{"line":494,"column":48}},"type":"binary-expr","locations":[{"start":{"line":494,"column":20},"end":{"line":494,"column":41}},{"start":{"line":494,"column":45},"end":{"line":494,"column":48}}],"line":494},"71":{"loc":{"start":{"line":504,"column":4},"end":{"line":507,"column":5}},"type":"if","locations":[{"start":{"line":504,"column":4},"end":{"line":507,"column":5}},{"start":{},"end":{}}],"line":504},"72":{"loc":{"start":{"line":504,"column":8},"end":{"line":504,"column":47}},"type":"binary-expr","locations":[{"start":{"line":504,"column":8},"end":{"line":504,"column":15}},{"start":{"line":504,"column":19},"end":{"line":504,"column":32}},{"start":{"line":504,"column":36},"end":{"line":504,"column":47}}],"line":504},"73":{"loc":{"start":{"line":513,"column":4},"end":{"line":516,"column":5}},"type":"if","locations":[{"start":{"line":513,"column":4},"end":{"line":516,"column":5}},{"start":{},"end":{}}],"line":513},"74":{"loc":{"start":{"line":523,"column":8},"end":{"line":525,"column":9}},"type":"if","locations":[{"start":{"line":523,"column":8},"end":{"line":525,"column":9}},{"start":{},"end":{}}],"line":523},"75":{"loc":{"start":{"line":527,"column":41},"end":{"line":529,"column":39}},"type":"cond-expr","locations":[{"start":{"line":528,"column":14},"end":{"line":528,"column":38}},{"start":{"line":529,"column":14},"end":{"line":529,"column":39}}],"line":527},"76":{"loc":{"start":{"line":538,"column":26},"end":{"line":538,"column":63}},"type":"binary-expr","locations":[{"start":{"line":538,"column":26},"end":{"line":538,"column":32}},{"start":{"line":538,"column":36},"end":{"line":538,"column":63}}],"line":538},"77":{"loc":{"start":{"line":539,"column":4},"end":{"line":541,"column":5}},"type":"if","locations":[{"start":{"line":539,"column":4},"end":{"line":541,"column":5}},{"start":{},"end":{}}],"line":539},"78":{"loc":{"start":{"line":539,"column":8},"end":{"line":539,"column":33}},"type":"binary-expr","locations":[{"start":{"line":539,"column":8},"end":{"line":539,"column":15}},{"start":{"line":539,"column":19},"end":{"line":539,"column":33}}],"line":539},"79":{"loc":{"start":{"line":552,"column":4},"end":{"line":554,"column":5}},"type":"if","locations":[{"start":{"line":552,"column":4},"end":{"line":554,"column":5}},{"start":{},"end":{}}],"line":552},"80":{"loc":{"start":{"line":555,"column":31},"end":{"line":555,"column":63}},"type":"cond-expr","locations":[{"start":{"line":555,"column":40},"end":{"line":555,"column":53}},{"start":{"line":555,"column":56},"end":{"line":555,"column":63}}],"line":555},"81":{"loc":{"start":{"line":563,"column":4},"end":{"line":566,"column":5}},"type":"if","locations":[{"start":{"line":563,"column":4},"end":{"line":566,"column":5}},{"start":{},"end":{}}],"line":563},"82":{"loc":{"start":{"line":563,"column":8},"end":{"line":563,"column":56}},"type":"binary-expr","locations":[{"start":{"line":563,"column":8},"end":{"line":563,"column":27}},{"start":{"line":563,"column":31},"end":{"line":563,"column":56}}],"line":563},"83":{"loc":{"start":{"line":569,"column":4},"end":{"line":572,"column":5}},"type":"if","locations":[{"start":{"line":569,"column":4},"end":{"line":572,"column":5}},{"start":{},"end":{}}],"line":569},"84":{"loc":{"start":{"line":569,"column":8},"end":{"line":569,"column":84}},"type":"binary-expr","locations":[{"start":{"line":569,"column":8},"end":{"line":569,"column":32}},{"start":{"line":569,"column":36},"end":{"line":569,"column":57}},{"start":{"line":569,"column":61},"end":{"line":569,"column":84}}],"line":569},"85":{"loc":{"start":{"line":588,"column":4},"end":{"line":588,"column":43}},"type":"if","locations":[{"start":{"line":588,"column":4},"end":{"line":588,"column":43}},{"start":{},"end":{}}],"line":588},"86":{"loc":{"start":{"line":590,"column":4},"end":{"line":594,"column":5}},"type":"if","locations":[{"start":{"line":590,"column":4},"end":{"line":594,"column":5}},{"start":{"line":592,"column":11},"end":{"line":594,"column":5}}],"line":590},"87":{"loc":{"start":{"line":591,"column":26},"end":{"line":591,"column":88}},"type":"binary-expr","locations":[{"start":{"line":591,"column":26},"end":{"line":591,"column":83}},{"start":{"line":591,"column":87},"end":{"line":591,"column":88}}],"line":591},"88":{"loc":{"start":{"line":603,"column":4},"end":{"line":603,"column":37}},"type":"if","locations":[{"start":{"line":603,"column":4},"end":{"line":603,"column":37}},{"start":{},"end":{}}],"line":603},"89":{"loc":{"start":{"line":603,"column":8},"end":{"line":603,"column":28}},"type":"binary-expr","locations":[{"start":{"line":603,"column":8},"end":{"line":603,"column":15}},{"start":{"line":603,"column":19},"end":{"line":603,"column":28}}],"line":603},"90":{"loc":{"start":{"line":613,"column":4},"end":{"line":613,"column":31}},"type":"if","locations":[{"start":{"line":613,"column":4},"end":{"line":613,"column":31}},{"start":{},"end":{}}],"line":613},"91":{"loc":{"start":{"line":628,"column":30},"end":{"line":628,"column":68}},"type":"cond-expr","locations":[{"start":{"line":628,"column":42},"end":{"line":628,"column":63}},{"start":{"line":628,"column":66},"end":{"line":628,"column":68}}],"line":628},"92":{"loc":{"start":{"line":629,"column":4},"end":{"line":632,"column":5}},"type":"if","locations":[{"start":{"line":629,"column":4},"end":{"line":632,"column":5}},{"start":{},"end":{}}],"line":629},"93":{"loc":{"start":{"line":643,"column":8},"end":{"line":649,"column":9}},"type":"if","locations":[{"start":{"line":643,"column":8},"end":{"line":649,"column":9}},{"start":{},"end":{}}],"line":643},"94":{"loc":{"start":{"line":645,"column":32},"end":{"line":645,"column":87}},"type":"binary-expr","locations":[{"start":{"line":645,"column":32},"end":{"line":645,"column":43}},{"start":{"line":645,"column":47},"end":{"line":645,"column":87}}],"line":645},"95":{"loc":{"start":{"line":653,"column":8},"end":{"line":671,"column":9}},"type":"if","locations":[{"start":{"line":653,"column":8},"end":{"line":671,"column":9}},{"start":{"line":665,"column":15},"end":{"line":671,"column":9}}],"line":653},"96":{"loc":{"start":{"line":655,"column":12},"end":{"line":657,"column":13}},"type":"if","locations":[{"start":{"line":655,"column":12},"end":{"line":657,"column":13}},{"start":{},"end":{}}],"line":655},"97":{"loc":{"start":{"line":659,"column":12},"end":{"line":662,"column":13}},"type":"if","locations":[{"start":{"line":659,"column":12},"end":{"line":662,"column":13}},{"start":{},"end":{}}],"line":659},"98":{"loc":{"start":{"line":667,"column":12},"end":{"line":670,"column":13}},"type":"if","locations":[{"start":{"line":667,"column":12},"end":{"line":670,"column":13}},{"start":{},"end":{}}],"line":667},"99":{"loc":{"start":{"line":676,"column":8},"end":{"line":679,"column":9}},"type":"if","locations":[{"start":{"line":676,"column":8},"end":{"line":679,"column":9}},{"start":{},"end":{}}],"line":676},"100":{"loc":{"start":{"line":689,"column":4},"end":{"line":689,"column":39}},"type":"if","locations":[{"start":{"line":689,"column":4},"end":{"line":689,"column":39}},{"start":{},"end":{}}],"line":689},"101":{"loc":{"start":{"line":689,"column":8},"end":{"line":689,"column":30}},"type":"binary-expr","locations":[{"start":{"line":689,"column":8},"end":{"line":689,"column":16}},{"start":{"line":689,"column":20},"end":{"line":689,"column":30}}],"line":689}},"s":{"0":0,"1":0,"2":0,"3":0,"4":0,"5":0,"6":0,"7":0,"8":0,"9":0,"10":0,"11":0,"12":0,"13":0,"14":0,"15":0,"16":0,"17":0,"18":0,"19":0,"20":0,"21":0,"22":0,"23":0,"24":0,"25":0,"26":0,"27":0,"28":0,"29":0,"30":0,"31":0,"32":0,"33":0,"34":0,"35":0,"36":0,"37":0,"38":0,"39":0,"40":0,"41":0,"42":0,"43":0,"44":0,"45":0,"46":0,"47":0,"48":0,"49":0,"50":0,"51":0,"52":0,"53":0,"54":0,"55":0,"56":0,"57":0,"58":0,"59":0,"60":0,"61":0,"62":0,"63":0,"64":0,"65":0,"66":0,"67":0,"68":0,"69":0,"70":0,"71":0,"72":0,"73":0,"74":0,"75":0,"76":0,"77":0,"78":0,"79":0,"80":0,"81":0,"82":0,"83":0,"84":0,"85":0,"86":0,"87":0,"88":0,"89":0,"90":0,"91":0,"92":0,"93":0,"94":0,"95":0,"96":0,"97":0,"98":0,"99":0,"100":0,"101":0,"102":0,"103":0,"104":0,"105":0,"106":0,"107":0,"108":0,"109":0,"110":0,"111":0,"112":0,"113":0,"114":0,"115":0,"116":0,"117":0,"118":0,"119":0,"120":0,"121":0,"122":0,"123":0,"124":0,"125":0,"126":0,"127":0,"128":0,"129":0,"130":0,"131":0,"132":0,"133":0,"134":0,"135":0,"136":0,"137":0,"138":0,"139":0,"140":0,"141":0,"142":0,"143":0,"144":0,"145":0,"146":0,"147":0,"148":0,"149":0,"150":0,"151":0,"152":0,"153":0,"154":0,"155":0,"156":0,"157":0,"158":0,"159":0,"160":0,"161":0,"162":0,"163":0,"164":0,"165":0,"166":0,"167":0,"168":0,"169":0,"170":0,"171":0,"172":0,"173":0,"174":0,"175":0,"176":0,"177":0,"178":0,"179":0,"180":0,"181":0,"182":0,"183":0,"184":0,"185":0,"186":0,"187":0,"188":0,"189":0,"190":0,"191":0,"192":0,"193":0,"194":0,"195":0,"196":0,"197":0,"198":0,"199":0,"200":0,"201":0,"202":0,"203":0,"204":0,"205":0,"206":0,"207":0,"208":0,"209":0,"210":0,"211":0,"212":0,"213":0,"214":0,"215":0,"216":0,"217":0,"218":0,"219":0,"220":0,"221":0,"222":0,"223":0,"224":0,"225":0,"226":0,"227":0,"228":0,"229":0,"230":0,"231":0,"232":0,"233":0,"234":0,"235":0,"236":0,"237":0,"238":0,"239":0,"240":0,"241":0,"242":0,"243":0,"244":0,"245":0,"246":0,"247":0,"248":0,"249":0,"250":0,"251":0,"252":0,"253":0,"254":0,"255":0,"256":0,"257":0,"258":0,"259":0,"260":0,"261":0,"262":0,"263":0,"264":0,"265":0,"266":0,"267":0,"268":0,"269":0,"270":0,"271":0,"272":0,"273":0,"274":0,"275":0,"276":0,"277":0,"278":0,"279":0,"280":0,"281":0,"282":0,"283":0,"284":0,"285":0,"286":0,"287":0,"288":0,"289":0,"290":0,"291":0,"292":0,"293":0,"294":0,"295":0,"296":0,"297":0,"298":0,"299":0,"300":0,"301":0,"302":0,"303":0,"304":0,"305":0,"306":0,"307":0,"308":0,"309":0,"310":0,"311":0,"312":0,"313":0,"314":0,"315":0,"316":0,"317":0,"318":0,"319":0,"320":0,"321":0,"322":0,"323":0,"324":0,"325":0,"326":0,"327":0,"328":0,"329":0,"330":0,"331":0,"332":0,"333":0,"334":0,"335":0,"336":0,"337":0,"338":0,"339":0,"340":0,"341":0,"342":0,"343":0,"344":0,"345":0,"346":0,"347":0,"348":0,"349":0,"350":0,"351":0,"352":0,"353":0,"354":0,"355":0,"356":0,"357":0,"358":0,"359":0,"360":0,"361":0,"362":0,"363":0,"364":0,"365":0,"366":0,"367":0,"368":0,"369":0,"370":0,"371":0,"372":0},"f":{"0":0,"1":0,"2":0,"3":0,"4":0,"5":0,"6":0,"7":0,"8":0,"9":0,"10":0,"11":0,"12":0,"13":0,"14":0,"15":0,"16":0,"17":0,"18":0,"19":0,"20":0,"21":0,"22":0,"23":0,"24":0,"25":0,"26":0,"27":0,"28":0,"29":0,"30":0,"31":0,"32":0,"33":0,"34":0,"35":0,"36":0,"37":0,"38":0,"39":0},"b":{"0":[0,0],"1":[0,0],"2":[0,0],"3":[0,0,0],"4":[0,0],"5":[0,0],"6":[0,0],"7":[0,0],"8":[0,0],"9":[0,0],"10":[0,0],"11":[0,0],"12":[0,0],"13":[0,0,0],"14":[0,0],"15":[0,0,0,0],"16":[0,0],"17":[0,0],"18":[0,0],"19":[0,0],"20":[0,0],"21":[0,0],"22":[0,0],"23":[0,0],"24":[0,0],"25":[0,0],"26":[0,0,0,0],"27":[0,0],"28":[0,0],"29":[0,0],"30":[0,0],"31":[0,0],"32":[0,0],"33":[0,0],"34":[0,0],"35":[0,0],"36":[0,0],"37":[0,0],"38":[0,0],"39":[0,0],"40":[0,0],"41":[0,0],"42":[0,0],"43":[0,0],"44":[0,0],"45":[0,0],"46":[0,0],"47":[0,0],"48":[0,0],"49":[0,0],"50":[0,0],"51":[0,0],"52":[0,0],"53":[0,0],"54":[0,0],"55":[0,0,0,0],"56":[0,0],"57":[0,0,0,0,0,0,0],"58":[0,0],"59":[0,0],"60":[0,0],"61":[0,0],"62":[0,0,0,0,0,0,0,0,0,0],"63":[0,0],"64":[0,0],"65":[0,0],"66":[0,0],"67":[0,0],"68":[0,0],"69":[0,0],"70":[0,0],"71":[0,0],"72":[0,0,0],"73":[0,0],"74":[0,0],"75":[0,0],"76":[0,0],"77":[0,0],"78":[0,0],"79":[0,0],"80":[0,0],"81":[0,0],"82":[0,0],"83":[0,0],"84":[0,0,0],"85":[0,0],"86":[0,0],"87":[0,0],"88":[0,0],"89":[0,0],"90":[0,0],"91":[0,0],"92":[0,0],"93":[0,0],"94":[0,0],"95":[0,0],"96":[0,0],"97":[0,0],"98":[0,0],"99":[0,0],"100":[0,0],"101":[0,0]}}
,"/Users/u102105/workspace/python/falken_drinks/static/js/falken.js": {"path":"/Users/u102105/workspace/python/falken_drinks/static/js/falken.js","statementMap":{"0":{"start":{"line":3,"column":13},"end":{"line":3,"column":40}},"1":{"start":{"line":5,"column":4},"end":{"line":10,"column":5}},"2":{"start":{"line":6,"column":11},"end":{"line":6,"column":40}},"3":{"start":{"line":9,"column":11},"end":{"line":9,"column":41}},"4":{"start":{"line":15,"column":19},"end":{"line":15,"column":53}},"5":{"start":{"line":16,"column":13},"end":{"line":16,"column":40}},"6":{"start":{"line":18,"column":4},"end":{"line":20,"column":5}},"7":{"start":{"line":19,"column":8},"end":{"line":19,"column":15}},"8":{"start":{"line":22,"column":4},"end":{"line":22,"column":53}},"9":{"start":{"line":24,"column":4},"end":{"line":29,"column":5}},"10":{"start":{"line":25,"column":11},"end":{"line":25,"column":41}},"11":{"start":{"line":28,"column":11},"end":{"line":28,"column":40}}},"fnMap":{"0":{"name":"toggleVisibility","decl":{"start":{"line":2,"column":9},"end":{"line":2,"column":25}},"loc":{"start":{"line":2,"column":30},"end":{"line":11,"column":1}},"line":2},"1":{"name":"activeVisibility","decl":{"start":{"line":14,"column":9},"end":{"line":14,"column":25}},"loc":{"start":{"line":14,"column":41},"end":{"line":30,"column":1}},"line":14}},"branchMap":{"0":{"loc":{"start":{"line":5,"column":4},"end":{"line":10,"column":5}},"type":"if","locations":[{"start":{"line":5,"column":4},"end":{"line":10,"column":5}},{"start":{"line":8,"column":9},"end":{"line":10,"column":5}}],"line":5},"1":{"loc":{"start":{"line":18,"column":4},"end":{"line":20,"column":5}},"type":"if","locations":[{"start":{"line":18,"column":4},"end":{"line":20,"column":5}},{"start":{},"end":{}}],"line":18},"2":{"loc":{"start":{"line":18,"column":8},"end":{"line":18,"column":38}},"type":"binary-expr","locations":[{"start":{"line":18,"column":8},"end":{"line":18,"column":24}},{"start":{"line":18,"column":28},"end":{"line":18,"column":38}}],"line":18},"3":{"loc":{"start":{"line":24,"column":4},"end":{"line":29,"column":5}},"type":"if","locations":[{"start":{"line":24,"column":4},"end":{"line":29,"column":5}},{"start":{"line":27,"column":9},"end":{"line":29,"column":5}}],"line":24}},"s":{"0":0,"1":0,"2":0,"3":0,"4":0,"5":0,"6":0,"7":0,"8":0,"9":0,"10":0,"11":0},"f":{"0":0,"1":0},"b":{"0":[0,0],"1":[0,0],"2":[0,0],"3":[0,0]}}
}
