{"/Users/u102105/workspace/python/falken_drinks/static/js/drink_selector.js": {"path":"/Users/u102105/workspace/python/falken_drinks/static/js/drink_selector.js","statementMap":{"0":{"start":{"line":2,"column":0},"end":{"line":73,"column":3}},"1":{"start":{"line":4,"column":23},"end":{"line":4,"column":55}},"2":{"start":{"line":5,"column":24},"end":{"line":5,"column":69}},"3":{"start":{"line":6,"column":24},"end":{"line":6,"column":59}},"4":{"start":{"line":8,"column":4},"end":{"line":18,"column":5}},"5":{"start":{"line":9,"column":8},"end":{"line":17,"column":11}},"6":{"start":{"line":10,"column":12},"end":{"line":16,"column":15}},"7":{"start":{"line":11,"column":16},"end":{"line":15,"column":17}},"8":{"start":{"line":12,"column":20},"end":{"line":12,"column":63}},"9":{"start":{"line":14,"column":20},"end":{"line":14,"column":55}},"10":{"start":{"line":21,"column":36},"end":{"line":21,"column":81}},"11":{"start":{"line":22,"column":4},"end":{"line":32,"column":5}},"12":{"start":{"line":23,"column":8},"end":{"line":31,"column":11}},"13":{"start":{"line":24,"column":43},"end":{"line":24,"column":94}},"14":{"start":{"line":25,"column":12},"end":{"line":30,"column":13}},"15":{"start":{"line":26,"column":16},"end":{"line":26,"column":62}},"16":{"start":{"line":27,"column":16},"end":{"line":27,"column":66}},"17":{"start":{"line":29,"column":16},"end":{"line":29,"column":91}},"18":{"start":{"line":35,"column":30},"end":{"line":35,"column":70}},"19":{"start":{"line":36,"column":4},"end":{"line":42,"column":5}},"20":{"start":{"line":37,"column":8},"end":{"line":41,"column":11}},"21":{"start":{"line":38,"column":12},"end":{"line":40,"column":13}},"22":{"start":{"line":39,"column":16},"end":{"line":39,"column":38}},"23":{"start":{"line":45,"column":31},"end":{"line":45,"column":72}},"24":{"start":{"line":46,"column":4},"end":{"line":52,"column":5}},"25":{"start":{"line":47,"column":8},"end":{"line":51,"column":11}},"26":{"start":{"line":48,"column":12},"end":{"line":50,"column":13}},"27":{"start":{"line":49,"column":16},"end":{"line":49,"column":39}},"28":{"start":{"line":55,"column":39},"end":{"line":55,"column":94}},"29":{"start":{"line":56,"column":35},"end":{"line":56,"column":86}},"30":{"start":{"line":58,"column":4},"end":{"line":72,"column":5}},"31":{"start":{"line":59,"column":8},"end":{"line":71,"column":11}},"32":{"start":{"line":60,"column":12},"end":{"line":70,"column":15}},"33":{"start":{"line":61,"column":16},"end":{"line":69,"column":17}},"34":{"start":{"line":62,"column":20},"end":{"line":62,"column":70}},"35":{"start":{"line":64,"column":20},"end":{"line":64,"column":70}},"36":{"start":{"line":65,"column":20},"end":{"line":65,"column":56}},"37":{"start":{"line":66,"column":20},"end":{"line":68,"column":21}},"38":{"start":{"line":67,"column":24},"end":{"line":67,"column":70}},"39":{"start":{"line":76,"column":20},"end":{"line":76,"column":27}},"40":{"start":{"line":77,"column":21},"end":{"line":77,"column":24}},"41":{"start":{"line":78,"column":14},"end":{"line":78,"column":21}},"42":{"start":{"line":84,"column":22},"end":{"line":84,"column":59}},"43":{"start":{"line":86,"column":4},"end":{"line":86,"column":35}},"44":{"start":{"line":87,"column":4},"end":{"line":87,"column":52}},"45":{"start":{"line":88,"column":4},"end":{"line":88,"column":54}},"46":{"start":{"line":89,"column":4},"end":{"line":89,"column":82}},"47":{"start":{"line":90,"column":4},"end":{"line":90,"column":42}},"48":{"start":{"line":92,"column":4},"end":{"line":95,"column":5}},"49":{"start":{"line":93,"column":8},"end":{"line":93,"column":40}},"50":{"start":{"line":94,"column":8},"end":{"line":94,"column":15}},"51":{"start":{"line":97,"column":19},"end":{"line":97,"column":33}},"52":{"start":{"line":100,"column":20},"end":{"line":100,"column":33}},"53":{"start":{"line":101,"column":4},"end":{"line":106,"column":5}},"54":{"start":{"line":102,"column":28},"end":{"line":102,"column":73}},"55":{"start":{"line":103,"column":8},"end":{"line":105,"column":9}},"56":{"start":{"line":104,"column":12},"end":{"line":104,"column":77}},"57":{"start":{"line":108,"column":4},"end":{"line":111,"column":5}},"58":{"start":{"line":109,"column":8},"end":{"line":109,"column":46}},"59":{"start":{"line":110,"column":8},"end":{"line":110,"column":15}},"60":{"start":{"line":114,"column":28},"end":{"line":114,"column":29}},"61":{"start":{"line":115,"column":4},"end":{"line":121,"column":5}},"62":{"start":{"line":117,"column":8},"end":{"line":117,"column":59}},"63":{"start":{"line":118,"column":8},"end":{"line":120,"column":9}},"64":{"start":{"line":119,"column":12},"end":{"line":119,"column":34}},"65":{"start":{"line":124,"column":22},"end":{"line":128,"column":5}},"66":{"start":{"line":130,"column":4},"end":{"line":130,"column":51}},"67":{"start":{"line":133,"column":4},"end":{"line":204,"column":7}},"68":{"start":{"line":142,"column":8},"end":{"line":149,"column":9}},"69":{"start":{"line":144,"column":12},"end":{"line":148,"column":15}},"70":{"start":{"line":145,"column":16},"end":{"line":145,"column":95}},"71":{"start":{"line":147,"column":16},"end":{"line":147,"column":74}},"72":{"start":{"line":150,"column":28},"end":{"line":150,"column":64}},"73":{"start":{"line":151,"column":8},"end":{"line":153,"column":9}},"74":{"start":{"line":152,"column":12},"end":{"line":152,"column":52}},"75":{"start":{"line":154,"column":8},"end":{"line":154,"column":31}},"76":{"start":{"line":157,"column":8},"end":{"line":193,"column":9}},"77":{"start":{"line":158,"column":12},"end":{"line":164,"column":13}},"78":{"start":{"line":159,"column":16},"end":{"line":159,"column":97}},"79":{"start":{"line":162,"column":16},"end":{"line":162,"column":65}},"80":{"start":{"line":167,"column":32},"end":{"line":167,"column":65}},"81":{"start":{"line":168,"column":12},"end":{"line":170,"column":13}},"82":{"start":{"line":169,"column":16},"end":{"line":169,"column":39}},"83":{"start":{"line":173,"column":12},"end":{"line":173,"column":33}},"84":{"start":{"line":176,"column":12},"end":{"line":179,"column":15}},"85":{"start":{"line":177,"column":16},"end":{"line":177,"column":89}},"86":{"start":{"line":178,"column":16},"end":{"line":178,"column":66}},"87":{"start":{"line":182,"column":42},"end":{"line":182,"column":92}},"88":{"start":{"line":183,"column":12},"end":{"line":185,"column":13}},"89":{"start":{"line":184,"column":16},"end":{"line":184,"column":61}},"90":{"start":{"line":188,"column":12},"end":{"line":190,"column":21}},"91":{"start":{"line":189,"column":16},"end":{"line":189,"column":34}},"92":{"start":{"line":192,"column":12},"end":{"line":192,"column":44}},"93":{"start":{"line":196,"column":8},"end":{"line":196,"column":39}},"94":{"start":{"line":197,"column":8},"end":{"line":203,"column":9}},"95":{"start":{"line":198,"column":12},"end":{"line":198,"column":50}},"96":{"start":{"line":199,"column":15},"end":{"line":203,"column":9}},"97":{"start":{"line":200,"column":12},"end":{"line":200,"column":88}},"98":{"start":{"line":202,"column":12},"end":{"line":202,"column":60}},"99":{"start":{"line":211,"column":4},"end":{"line":211,"column":48}},"100":{"start":{"line":212,"column":4},"end":{"line":212,"column":30}},"101":{"start":{"line":215,"column":18},"end":{"line":215,"column":58}},"102":{"start":{"line":216,"column":4},"end":{"line":220,"column":7}},"103":{"start":{"line":217,"column":8},"end":{"line":217,"column":42}},"104":{"start":{"line":218,"column":8},"end":{"line":218,"column":59}},"105":{"start":{"line":219,"column":8},"end":{"line":219,"column":56}},"106":{"start":{"line":223,"column":24},"end":{"line":223,"column":43}},"107":{"start":{"line":224,"column":4},"end":{"line":224,"column":48}},"108":{"start":{"line":225,"column":4},"end":{"line":225,"column":91}},"109":{"start":{"line":226,"column":4},"end":{"line":226,"column":69}},"110":{"start":{"line":229,"column":24},"end":{"line":229,"column":80}},"111":{"start":{"line":230,"column":39},"end":{"line":230,"column":94}},"112":{"start":{"line":233,"column":4},"end":{"line":263,"column":5}},"113":{"start":{"line":234,"column":8},"end":{"line":262,"column":9}},"114":{"start":{"line":235,"column":12},"end":{"line":235,"column":62}},"115":{"start":{"line":238,"column":44},"end":{"line":238,"column":89}},"116":{"start":{"line":239,"column":12},"end":{"line":254,"column":13}},"117":{"start":{"line":240,"column":16},"end":{"line":253,"column":17}},"118":{"start":{"line":242,"column":24},"end":{"line":242,"column":60}},"119":{"start":{"line":243,"column":24},"end":{"line":243,"column":30}},"120":{"start":{"line":245,"column":24},"end":{"line":245,"column":61}},"121":{"start":{"line":246,"column":24},"end":{"line":246,"column":30}},"122":{"start":{"line":248,"column":24},"end":{"line":248,"column":61}},"123":{"start":{"line":249,"column":24},"end":{"line":249,"column":30}},"124":{"start":{"line":251,"column":24},"end":{"line":251,"column":61}},"125":{"start":{"line":252,"column":24},"end":{"line":252,"column":30}},"126":{"start":{"line":256,"column":12},"end":{"line":256,"column":62}},"127":{"start":{"line":258,"column":44},"end":{"line":258,"column":89}},"128":{"start":{"line":259,"column":12},"end":{"line":261,"column":13}},"129":{"start":{"line":260,"column":16},"end":{"line":260,"column":52}},"130":{"start":{"line":267,"column":4},"end":{"line":296,"column":5}},"131":{"start":{"line":269,"column":12},"end":{"line":269,"column":30}},"132":{"start":{"line":270,"column":12},"end":{"line":270,"column":18}},"133":{"start":{"line":272,"column":12},"end":{"line":272,"column":31}},"134":{"start":{"line":273,"column":12},"end":{"line":273,"column":18}},"135":{"start":{"line":278,"column":12},"end":{"line":278,"column":32}},"136":{"start":{"line":279,"column":12},"end":{"line":279,"column":18}},"137":{"start":{"line":281,"column":12},"end":{"line":281,"column":30}},"138":{"start":{"line":284,"column":32},"end":{"line":284,"column":77}},"139":{"start":{"line":285,"column":12},"end":{"line":295,"column":13}},"140":{"start":{"line":286,"column":16},"end":{"line":286,"column":59}},"141":{"start":{"line":289,"column":16},"end":{"line":294,"column":17}},"142":{"start":{"line":289,"column":29},"end":{"line":289,"column":30}},"143":{"start":{"line":290,"column":20},"end":{"line":293,"column":21}},"144":{"start":{"line":291,"column":24},"end":{"line":291,"column":54}},"145":{"start":{"line":292,"column":24},"end":{"line":292,"column":30}},"146":{"start":{"line":299,"column":24},"end":{"line":299,"column":56}},"147":{"start":{"line":300,"column":4},"end":{"line":306,"column":5}},"148":{"start":{"line":301,"column":8},"end":{"line":301,"column":35}},"149":{"start":{"line":304,"column":22},"end":{"line":304,"column":41}},"150":{"start":{"line":305,"column":8},"end":{"line":305,"column":41}},"151":{"start":{"line":309,"column":24},"end":{"line":309,"column":57}},"152":{"start":{"line":310,"column":4},"end":{"line":342,"column":5}},"153":{"start":{"line":311,"column":8},"end":{"line":341,"column":9}},"154":{"start":{"line":313,"column":16},"end":{"line":313,"column":42}},"155":{"start":{"line":314,"column":16},"end":{"line":314,"column":22}},"156":{"start":{"line":316,"column":16},"end":{"line":316,"column":42}},"157":{"start":{"line":317,"column":16},"end":{"line":317,"column":22}},"158":{"start":{"line":319,"column":16},"end":{"line":319,"column":42}},"159":{"start":{"line":320,"column":16},"end":{"line":320,"column":22}},"160":{"start":{"line":322,"column":16},"end":{"line":322,"column":42}},"161":{"start":{"line":323,"column":16},"end":{"line":323,"column":22}},"162":{"start":{"line":325,"column":16},"end":{"line":325,"column":42}},"163":{"start":{"line":326,"column":16},"end":{"line":326,"column":22}},"164":{"start":{"line":328,"column":16},"end":{"line":328,"column":41}},"165":{"start":{"line":329,"column":16},"end":{"line":329,"column":22}},"166":{"start":{"line":331,"column":16},"end":{"line":331,"column":42}},"167":{"start":{"line":332,"column":16},"end":{"line":332,"column":22}},"168":{"start":{"line":334,"column":16},"end":{"line":334,"column":42}},"169":{"start":{"line":335,"column":16},"end":{"line":335,"column":22}},"170":{"start":{"line":337,"column":16},"end":{"line":337,"column":42}},"171":{"start":{"line":338,"column":16},"end":{"line":338,"column":22}},"172":{"start":{"line":340,"column":16},"end":{"line":340,"column":42}},"173":{"start":{"line":349,"column":4},"end":{"line":349,"column":48}},"174":{"start":{"line":350,"column":4},"end":{"line":350,"column":28}},"175":{"start":{"line":351,"column":4},"end":{"line":357,"column":7}},"176":{"start":{"line":352,"column":8},"end":{"line":352,"column":81}},"177":{"start":{"line":353,"column":8},"end":{"line":353,"column":58}},"178":{"start":{"line":354,"column":8},"end":{"line":354,"column":58}},"179":{"start":{"line":355,"column":8},"end":{"line":355,"column":65}},"180":{"start":{"line":356,"column":8},"end":{"line":356,"column":61}},"181":{"start":{"line":358,"column":25},"end":{"line":358,"column":100}},"182":{"start":{"line":359,"column":4},"end":{"line":365,"column":5}},"183":{"start":{"line":360,"column":8},"end":{"line":360,"column":71}},"184":{"start":{"line":361,"column":8},"end":{"line":361,"column":64}},"185":{"start":{"line":362,"column":8},"end":{"line":362,"column":74}},"186":{"start":{"line":363,"column":8},"end":{"line":363,"column":74}},"187":{"start":{"line":364,"column":8},"end":{"line":364,"column":95}},"188":{"start":{"line":368,"column":34},"end":{"line":368,"column":84}},"189":{"start":{"line":369,"column":4},"end":{"line":371,"column":5}},"190":{"start":{"line":370,"column":8},"end":{"line":370,"column":53}},"191":{"start":{"line":374,"column":24},"end":{"line":374,"column":57}},"192":{"start":{"line":375,"column":4},"end":{"line":377,"column":5}},"193":{"start":{"line":376,"column":8},"end":{"line":376,"column":35}},"194":{"start":{"line":384,"column":4},"end":{"line":384,"column":42}},"195":{"start":{"line":387,"column":26},"end":{"line":387,"column":69}},"196":{"start":{"line":388,"column":4},"end":{"line":391,"column":7}},"197":{"start":{"line":389,"column":8},"end":{"line":389,"column":44}},"198":{"start":{"line":390,"column":8},"end":{"line":390,"column":61}},"199":{"start":{"line":394,"column":26},"end":{"line":394,"column":45}},"200":{"start":{"line":395,"column":4},"end":{"line":395,"column":49}},"201":{"start":{"line":396,"column":4},"end":{"line":396,"column":93}},"202":{"start":{"line":399,"column":34},"end":{"line":399,"column":84}},"203":{"start":{"line":400,"column":4},"end":{"line":409,"column":5}},"204":{"start":{"line":401,"column":8},"end":{"line":401,"column":53}},"205":{"start":{"line":404,"column":34},"end":{"line":404,"column":74}},"206":{"start":{"line":405,"column":8},"end":{"line":408,"column":9}},"207":{"start":{"line":406,"column":12},"end":{"line":406,"column":38}},"208":{"start":{"line":407,"column":12},"end":{"line":407,"column":39}},"209":{"start":{"line":416,"column":30},"end":{"line":416,"column":70}},"210":{"start":{"line":417,"column":19},"end":{"line":417,"column":42}},"211":{"start":{"line":418,"column":4},"end":{"line":421,"column":5}},"212":{"start":{"line":419,"column":8},"end":{"line":419,"column":46}},"213":{"start":{"line":420,"column":8},"end":{"line":420,"column":15}},"214":{"start":{"line":422,"column":4},"end":{"line":422,"column":28}},"215":{"start":{"line":423,"column":4},"end":{"line":423,"column":46}},"216":{"start":{"line":424,"column":4},"end":{"line":424,"column":53}},"217":{"start":{"line":425,"column":4},"end":{"line":425,"column":78}},"218":{"start":{"line":432,"column":31},"end":{"line":432,"column":72}},"219":{"start":{"line":433,"column":4},"end":{"line":436,"column":5}},"220":{"start":{"line":434,"column":8},"end":{"line":434,"column":53}},"221":{"start":{"line":435,"column":8},"end":{"line":435,"column":15}},"222":{"start":{"line":438,"column":30},"end":{"line":438,"column":66}},"223":{"start":{"line":439,"column":4},"end":{"line":442,"column":5}},"224":{"start":{"line":440,"column":8},"end":{"line":440,"column":76}},"225":{"start":{"line":441,"column":8},"end":{"line":441,"column":15}},"226":{"start":{"line":444,"column":4},"end":{"line":444,"column":74}},"227":{"start":{"line":447,"column":4},"end":{"line":447,"column":79}},"228":{"start":{"line":450,"column":4},"end":{"line":450,"column":103}},"229":{"start":{"line":457,"column":36},"end":{"line":457,"column":81}},"230":{"start":{"line":458,"column":4},"end":{"line":458,"column":43}},"231":{"start":{"line":458,"column":34},"end":{"line":458,"column":43}},"232":{"start":{"line":460,"column":4},"end":{"line":464,"column":5}},"233":{"start":{"line":461,"column":8},"end":{"line":461,"column":90}},"234":{"start":{"line":463,"column":8},"end":{"line":463,"column":57}}},"fnMap":{"0":{"name":"(anonymous_0)","decl":{"start":{"line":2,"column":46},"end":{"line":2,"column":47}},"loc":{"start":{"line":2,"column":57},"end":{"line":73,"column":1}},"line":2},"1":{"name":"(anonymous_1)","decl":{"start":{"line":9,"column":28},"end":{"line":9,"column":29}},"loc":{"start":{"line":9,"column":37},"end":{"line":17,"column":9}},"line":9},"2":{"name":"(anonymous_2)","decl":{"start":{"line":10,"column":45},"end":{"line":10,"column":46}},"loc":{"start":{"line":10,"column":56},"end":{"line":16,"column":13}},"line":10},"3":{"name":"(anonymous_3)","decl":{"start":{"line":23,"column":59},"end":{"line":23,"column":60}},"loc":{"start":{"line":23,"column":70},"end":{"line":31,"column":9}},"line":23},"4":{"name":"(anonymous_4)","decl":{"start":{"line":37,"column":52},"end":{"line":37,"column":53}},"loc":{"start":{"line":37,"column":68},"end":{"line":41,"column":9}},"line":37},"5":{"name":"(anonymous_5)","decl":{"start":{"line":47,"column":53},"end":{"line":47,"column":54}},"loc":{"start":{"line":47,"column":69},"end":{"line":51,"column":9}},"line":47},"6":{"name":"(anonymous_6)","decl":{"start":{"line":59,"column":28},"end":{"line":59,"column":29}},"loc":{"start":{"line":59,"column":37},"end":{"line":71,"column":9}},"line":59},"7":{"name":"(anonymous_7)","decl":{"start":{"line":60,"column":45},"end":{"line":60,"column":46}},"loc":{"start":{"line":60,"column":56},"end":{"line":70,"column":13}},"line":60},"8":{"name":"addDrink","decl":{"start":{"line":83,"column":9},"end":{"line":83,"column":17}},"loc":{"start":{"line":83,"column":20},"end":{"line":205,"column":1}},"line":83},"9":{"name":"(anonymous_9)","decl":{"start":{"line":141,"column":10},"end":{"line":141,"column":11}},"loc":{"start":{"line":141,"column":22},"end":{"line":155,"column":5}},"line":141},"10":{"name":"(anonymous_10)","decl":{"start":{"line":144,"column":40},"end":{"line":144,"column":41}},"loc":{"start":{"line":144,"column":53},"end":{"line":146,"column":13}},"line":144},"11":{"name":"(anonymous_11)","decl":{"start":{"line":146,"column":21},"end":{"line":146,"column":22}},"loc":{"start":{"line":146,"column":27},"end":{"line":148,"column":13}},"line":146},"12":{"name":"(anonymous_12)","decl":{"start":{"line":156,"column":10},"end":{"line":156,"column":11}},"loc":{"start":{"line":156,"column":18},"end":{"line":194,"column":5}},"line":156},"13":{"name":"(anonymous_13)","decl":{"start":{"line":176,"column":64},"end":{"line":176,"column":65}},"loc":{"start":{"line":176,"column":74},"end":{"line":179,"column":13}},"line":176},"14":{"name":"(anonymous_14)","decl":{"start":{"line":188,"column":23},"end":{"line":188,"column":24}},"loc":{"start":{"line":188,"column":29},"end":{"line":190,"column":13}},"line":188},"15":{"name":"(anonymous_15)","decl":{"start":{"line":195,"column":11},"end":{"line":195,"column":12}},"loc":{"start":{"line":195,"column":20},"end":{"line":204,"column":5}},"line":195},"16":{"name":"selectDrink","decl":{"start":{"line":210,"column":9},"end":{"line":210,"column":20}},"loc":{"start":{"line":210,"column":32},"end":{"line":343,"column":1}},"line":210},"17":{"name":"(anonymous_17)","decl":{"start":{"line":216,"column":18},"end":{"line":216,"column":19}},"loc":{"start":{"line":216,"column":26},"end":{"line":220,"column":5}},"line":216},"18":{"name":"selectAmount","decl":{"start":{"line":348,"column":9},"end":{"line":348,"column":21}},"loc":{"start":{"line":348,"column":30},"end":{"line":378,"column":1}},"line":348},"19":{"name":"(anonymous_19)","decl":{"start":{"line":351,"column":56},"end":{"line":351,"column":57}},"loc":{"start":{"line":351,"column":66},"end":{"line":357,"column":5}},"line":351},"20":{"name":"selectCustomAmount","decl":{"start":{"line":383,"column":9},"end":{"line":383,"column":27}},"loc":{"start":{"line":383,"column":30},"end":{"line":410,"column":1}},"line":383},"21":{"name":"(anonymous_21)","decl":{"start":{"line":388,"column":26},"end":{"line":388,"column":27}},"loc":{"start":{"line":388,"column":36},"end":{"line":391,"column":5}},"line":388},"22":{"name":"confirmCustomAmount","decl":{"start":{"line":415,"column":9},"end":{"line":415,"column":28}},"loc":{"start":{"line":415,"column":31},"end":{"line":426,"column":1}},"line":415},"23":{"name":"confirmCustomAlcohol","decl":{"start":{"line":431,"column":9},"end":{"line":431,"column":29}},"loc":{"start":{"line":431,"column":32},"end":{"line":451,"column":1}},"line":431},"24":{"name":"getSelectedAlcoholPercentage","decl":{"start":{"line":456,"column":9},"end":{"line":456,"column":37}},"loc":{"start":{"line":456,"column":40},"end":{"line":465,"column":1}},"line":456}},"branchMap":{"0":{"loc":{"start":{"line":8,"column":4},"end":{"line":18,"column":5}},"type":"if","locations":[{"start":{"line":8,"column":4},"end":{"line":18,"column":5}},{"start":{},"end":{}}],"line":8},"1":{"loc":{"start":{"line":8,"column":8},"end":{"line":8,"column":48}},"type":"binary-expr","locations":[{"start":{"line":8,"column":8},"end":{"line":8,"column":19}},{"start":{"line":8,"column":23},"end":{"line":8,"column":33}},{"start":{"line":8,"column":37},"end":{"line":8,"column":48}}],"line":8},"2":{"loc":{"start":{"line":11,"column":16},"end":{"line":15,"column":17}},"type":"if","locations":[{"start":{"line":11,"column":16},"end":{"line":15,"column":17}},{"start":{"line":13,"column":23},"end":{"line":15,"column":17}}],"line":11},"3":{"loc":{"start":{"line":22,"column":4},"end":{"line":32,"column":5}},"type":"if","locations":[{"start":{"line":22,"column":4},"end":{"line":32,"column":5}},{"start":{},"end":{}}],"line":22},"4":{"loc":{"start":{"line":25,"column":12},"end":{"line":30,"column":13}},"type":"if","locations":[{"start":{"line":25,"column":12},"end":{"line":30,"column":13}},{"start":{"line":28,"column":19},"end":{"line":30,"column":13}}],"line":25},"5":{"loc":{"start":{"line":25,"column":16},"end":{"line":25,"column":84}},"type":"binary-expr","locations":[{"start":{"line":25,"column":16},"end":{"line":25,"column":58}},{"start":{"line":25,"column":62},"end":{"line":25,"column":84}}],"line":25},"6":{"loc":{"start":{"line":36,"column":4},"end":{"line":42,"column":5}},"type":"if","locations":[{"start":{"line":36,"column":4},"end":{"line":42,"column":5}},{"start":{},"end":{}}],"line":36},"7":{"loc":{"start":{"line":38,"column":12},"end":{"line":40,"column":13}},"type":"if","locations":[{"start":{"line":38,"column":12},"end":{"line":40,"column":13}},{"start":{},"end":{}}],"line":38},"8":{"loc":{"start":{"line":46,"column":4},"end":{"line":52,"column":5}},"type":"if","locations":[{"start":{"line":46,"column":4},"end":{"line":52,"column":5}},{"start":{},"end":{}}],"line":46},"9":{"loc":{"start":{"line":48,"column":12},"end":{"line":50,"column":13}},"type":"if","locations":[{"start":{"line":48,"column":12},"end":{"line":50,"column":13}},{"start":{},"end":{}}],"line":48},"10":{"loc":{"start":{"line":58,"column":4},"end":{"line":72,"column":5}},"type":"if","locations":[{"start":{"line":58,"column":4},"end":{"line":72,"column":5}},{"start":{},"end":{}}],"line":58},"11":{"loc":{"start":{"line":58,"column":8},"end":{"line":58,"column":76}},"type":"binary-expr","locations":[{"start":{"line":58,"column":8},"end":{"line":58,"column":19}},{"start":{"line":58,"column":23},"end":{"line":58,"column":49}},{"start":{"line":58,"column":53},"end":{"line":58,"column":76}}],"line":58},"12":{"loc":{"start":{"line":61,"column":16},"end":{"line":69,"column":17}},"type":"if","locations":[{"start":{"line":61,"column":16},"end":{"line":69,"column":17}},{"start":{"line":63,"column":23},"end":{"line":69,"column":17}}],"line":61},"13":{"loc":{"start":{"line":61,"column":20},"end":{"line":61,"column":120}},"type":"binary-expr","locations":[{"start":{"line":61,"column":20},"end":{"line":61,"column":41}},{"start":{"line":61,"column":45},"end":{"line":61,"column":66}},{"start":{"line":61,"column":70},"end":{"line":61,"column":95}},{"start":{"line":61,"column":99},"end":{"line":61,"column":120}}],"line":61},"14":{"loc":{"start":{"line":66,"column":20},"end":{"line":68,"column":21}},"type":"if","locations":[{"start":{"line":66,"column":20},"end":{"line":68,"column":21}},{"start":{},"end":{}}],"line":66},"15":{"loc":{"start":{"line":92,"column":4},"end":{"line":95,"column":5}},"type":"if","locations":[{"start":{"line":92,"column":4},"end":{"line":95,"column":5}},{"start":{},"end":{}}],"line":92},"16":{"loc":{"start":{"line":101,"column":4},"end":{"line":106,"column":5}},"type":"if","locations":[{"start":{"line":101,"column":4},"end":{"line":106,"column":5}},{"start":{},"end":{}}],"line":101},"17":{"loc":{"start":{"line":103,"column":8},"end":{"line":105,"column":9}},"type":"if","locations":[{"start":{"line":103,"column":8},"end":{"line":105,"column":9}},{"start":{},"end":{}}],"line":103},"18":{"loc":{"start":{"line":103,"column":12},"end":{"line":103,"column":57}},"type":"binary-expr","locations":[{"start":{"line":103,"column":12},"end":{"line":103,"column":23}},{"start":{"line":103,"column":27},"end":{"line":103,"column":57}}],"line":103},"19":{"loc":{"start":{"line":108,"column":4},"end":{"line":111,"column":5}},"type":"if","locations":[{"start":{"line":108,"column":4},"end":{"line":111,"column":5}},{"start":{},"end":{}}],"line":108},"20":{"loc":{"start":{"line":108,"column":8},"end":{"line":108,"column":47}},"type":"binary-expr","locations":[{"start":{"line":108,"column":8},"end":{"line":108,"column":15}},{"start":{"line":108,"column":19},"end":{"line":108,"column":32}},{"start":{"line":108,"column":36},"end":{"line":108,"column":47}}],"line":108},"21":{"loc":{"start":{"line":115,"column":4},"end":{"line":121,"column":5}},"type":"if","locations":[{"start":{"line":115,"column":4},"end":{"line":121,"column":5}},{"start":{},"end":{}}],"line":115},"22":{"loc":{"start":{"line":115,"column":8},"end":{"line":116,"column":36}},"type":"binary-expr","locations":[{"start":{"line":115,"column":8},"end":{"line":115,"column":64}},{"start":{"line":116,"column":9},"end":{"line":116,"column":36}}],"line":115},"23":{"loc":{"start":{"line":118,"column":8},"end":{"line":120,"column":9}},"type":"if","locations":[{"start":{"line":118,"column":8},"end":{"line":120,"column":9}},{"start":{},"end":{}}],"line":118},"24":{"loc":{"start":{"line":118,"column":12},"end":{"line":118,"column":61}},"type":"binary-expr","locations":[{"start":{"line":118,"column":12},"end":{"line":118,"column":36}},{"start":{"line":118,"column":40},"end":{"line":118,"column":61}}],"line":118},"25":{"loc":{"start":{"line":142,"column":8},"end":{"line":149,"column":9}},"type":"if","locations":[{"start":{"line":142,"column":8},"end":{"line":149,"column":9}},{"start":{},"end":{}}],"line":142},"26":{"loc":{"start":{"line":145,"column":32},"end":{"line":145,"column":93}},"type":"binary-expr","locations":[{"start":{"line":145,"column":32},"end":{"line":145,"column":49}},{"start":{"line":145,"column":53},"end":{"line":145,"column":93}}],"line":145},"27":{"loc":{"start":{"line":151,"column":8},"end":{"line":153,"column":9}},"type":"if","locations":[{"start":{"line":151,"column":8},"end":{"line":153,"column":9}},{"start":{},"end":{}}],"line":151},"28":{"loc":{"start":{"line":151,"column":12},"end":{"line":151,"column":69}},"type":"binary-expr","locations":[{"start":{"line":151,"column":12},"end":{"line":151,"column":24}},{"start":{"line":151,"column":28},"end":{"line":151,"column":69}}],"line":151},"29":{"loc":{"start":{"line":157,"column":8},"end":{"line":193,"column":9}},"type":"if","locations":[{"start":{"line":157,"column":8},"end":{"line":193,"column":9}},{"start":{"line":191,"column":15},"end":{"line":193,"column":9}}],"line":157},"30":{"loc":{"start":{"line":158,"column":12},"end":{"line":164,"column":13}},"type":"if","locations":[{"start":{"line":158,"column":12},"end":{"line":164,"column":13}},{"start":{"line":161,"column":19},"end":{"line":164,"column":13}}],"line":158},"31":{"loc":{"start":{"line":168,"column":12},"end":{"line":170,"column":13}},"type":"if","locations":[{"start":{"line":168,"column":12},"end":{"line":170,"column":13}},{"start":{},"end":{}}],"line":168},"32":{"loc":{"start":{"line":183,"column":12},"end":{"line":185,"column":13}},"type":"if","locations":[{"start":{"line":183,"column":12},"end":{"line":185,"column":13}},{"start":{},"end":{}}],"line":183},"33":{"loc":{"start":{"line":197,"column":8},"end":{"line":203,"column":9}},"type":"if","locations":[{"start":{"line":197,"column":8},"end":{"line":203,"column":9}},{"start":{"line":199,"column":15},"end":{"line":203,"column":9}}],"line":197},"34":{"loc":{"start":{"line":199,"column":15},"end":{"line":203,"column":9}},"type":"if","locations":[{"start":{"line":199,"column":15},"end":{"line":203,"column":9}},{"start":{"line":201,"column":15},"end":{"line":203,"column":9}}],"line":199},"35":{"loc":{"start":{"line":233,"column":4},"end":{"line":263,"column":5}},"type":"if","locations":[{"start":{"line":233,"column":4},"end":{"line":263,"column":5}},{"start":{},"end":{}}],"line":233},"36":{"loc":{"start":{"line":234,"column":8},"end":{"line":262,"column":9}},"type":"if","locations":[{"start":{"line":234,"column":8},"end":{"line":262,"column":9}},{"start":{"line":255,"column":15},"end":{"line":262,"column":9}}],"line":234},"37":{"loc":{"start":{"line":239,"column":12},"end":{"line":254,"column":13}},"type":"if","locations":[{"start":{"line":239,"column":12},"end":{"line":254,"column":13}},{"start":{},"end":{}}],"line":239},"38":{"loc":{"start":{"line":240,"column":16},"end":{"line":253,"column":17}},"type":"switch","locations":[{"start":{"line":241,"column":20},"end":{"line":243,"column":30}},{"start":{"line":244,"column":20},"end":{"line":246,"column":30}},{"start":{"line":247,"column":20},"end":{"line":249,"column":30}},{"start":{"line":250,"column":20},"end":{"line":252,"column":30}}],"line":240},"39":{"loc":{"start":{"line":259,"column":12},"end":{"line":261,"column":13}},"type":"if","locations":[{"start":{"line":259,"column":12},"end":{"line":261,"column":13}},{"start":{},"end":{}}],"line":259},"40":{"loc":{"start":{"line":267,"column":4},"end":{"line":296,"column":5}},"type":"switch","locations":[{"start":{"line":268,"column":8},"end":{"line":270,"column":18}},{"start":{"line":271,"column":8},"end":{"line":273,"column":18}},{"start":{"line":274,"column":8},"end":{"line":274,"column":20}},{"start":{"line":275,"column":8},"end":{"line":275,"column":20}},{"start":{"line":276,"column":8},"end":{"line":276,"column":24}},{"start":{"line":277,"column":8},"end":{"line":279,"column":18}},{"start":{"line":280,"column":8},"end":{"line":295,"column":13}}],"line":267},"41":{"loc":{"start":{"line":285,"column":12},"end":{"line":295,"column":13}},"type":"if","locations":[{"start":{"line":285,"column":12},"end":{"line":295,"column":13}},{"start":{},"end":{}}],"line":285},"42":{"loc":{"start":{"line":290,"column":20},"end":{"line":293,"column":21}},"type":"if","locations":[{"start":{"line":290,"column":20},"end":{"line":293,"column":21}},{"start":{},"end":{}}],"line":290},"43":{"loc":{"start":{"line":300,"column":4},"end":{"line":306,"column":5}},"type":"if","locations":[{"start":{"line":300,"column":4},"end":{"line":306,"column":5}},{"start":{},"end":{}}],"line":300},"44":{"loc":{"start":{"line":310,"column":4},"end":{"line":342,"column":5}},"type":"if","locations":[{"start":{"line":310,"column":4},"end":{"line":342,"column":5}},{"start":{},"end":{}}],"line":310},"45":{"loc":{"start":{"line":311,"column":8},"end":{"line":341,"column":9}},"type":"switch","locations":[{"start":{"line":312,"column":12},"end":{"line":314,"column":22}},{"start":{"line":315,"column":12},"end":{"line":317,"column":22}},{"start":{"line":318,"column":12},"end":{"line":320,"column":22}},{"start":{"line":321,"column":12},"end":{"line":323,"column":22}},{"start":{"line":324,"column":12},"end":{"line":326,"column":22}},{"start":{"line":327,"column":12},"end":{"line":329,"column":22}},{"start":{"line":330,"column":12},"end":{"line":332,"column":22}},{"start":{"line":333,"column":12},"end":{"line":335,"column":22}},{"start":{"line":336,"column":12},"end":{"line":338,"column":22}},{"start":{"line":339,"column":12},"end":{"line":340,"column":42}}],"line":311},"46":{"loc":{"start":{"line":359,"column":4},"end":{"line":365,"column":5}},"type":"if","locations":[{"start":{"line":359,"column":4},"end":{"line":365,"column":5}},{"start":{},"end":{}}],"line":359},"47":{"loc":{"start":{"line":369,"column":4},"end":{"line":371,"column":5}},"type":"if","locations":[{"start":{"line":369,"column":4},"end":{"line":371,"column":5}},{"start":{},"end":{}}],"line":369},"48":{"loc":{"start":{"line":375,"column":4},"end":{"line":377,"column":5}},"type":"if","locations":[{"start":{"line":375,"column":4},"end":{"line":377,"column":5}},{"start":{},"end":{}}],"line":375},"49":{"loc":{"start":{"line":400,"column":4},"end":{"line":409,"column":5}},"type":"if","locations":[{"start":{"line":400,"column":4},"end":{"line":409,"column":5}},{"start":{},"end":{}}],"line":400},"50":{"loc":{"start":{"line":405,"column":8},"end":{"line":408,"column":9}},"type":"if","locations":[{"start":{"line":405,"column":8},"end":{"line":408,"column":9}},{"start":{},"end":{}}],"line":405},"51":{"loc":{"start":{"line":418,"column":4},"end":{"line":421,"column":5}},"type":"if","locations":[{"start":{"line":418,"column":4},"end":{"line":421,"column":5}},{"start":{},"end":{}}],"line":418},"52":{"loc":{"start":{"line":418,"column":8},"end":{"line":418,"column":47}},"type":"binary-expr","locations":[{"start":{"line":418,"column":8},"end":{"line":418,"column":15}},{"start":{"line":418,"column":19},"end":{"line":418,"column":32}},{"start":{"line":418,"column":36},"end":{"line":418,"column":47}}],"line":418},"53":{"loc":{"start":{"line":433,"column":4},"end":{"line":436,"column":5}},"type":"if","locations":[{"start":{"line":433,"column":4},"end":{"line":436,"column":5}},{"start":{},"end":{}}],"line":433},"54":{"loc":{"start":{"line":433,"column":8},"end":{"line":433,"column":56}},"type":"binary-expr","locations":[{"start":{"line":433,"column":8},"end":{"line":433,"column":27}},{"start":{"line":433,"column":31},"end":{"line":433,"column":56}}],"line":433},"55":{"loc":{"start":{"line":439,"column":4},"end":{"line":442,"column":5}},"type":"if","locations":[{"start":{"line":439,"column":4},"end":{"line":442,"column":5}},{"start":{},"end":{}}],"line":439},"56":{"loc":{"start":{"line":439,"column":8},"end":{"line":439,"column":84}},"type":"binary-expr","locations":[{"start":{"line":439,"column":8},"end":{"line":439,"column":32}},{"start":{"line":439,"column":36},"end":{"line":439,"column":57}},{"start":{"line":439,"column":61},"end":{"line":439,"column":84}}],"line":439},"57":{"loc":{"start":{"line":458,"column":4},"end":{"line":458,"column":43}},"type":"if","locations":[{"start":{"line":458,"column":4},"end":{"line":458,"column":43}},{"start":{},"end":{}}],"line":458},"58":{"loc":{"start":{"line":460,"column":4},"end":{"line":464,"column":5}},"type":"if","locations":[{"start":{"line":460,"column":4},"end":{"line":464,"column":5}},{"start":{"line":462,"column":11},"end":{"line":464,"column":5}}],"line":460},"59":{"loc":{"start":{"line":461,"column":26},"end":{"line":461,"column":88}},"type":"binary-expr","locations":[{"start":{"line":461,"column":26},"end":{"line":461,"column":83}},{"start":{"line":461,"column":87},"end":{"line":461,"column":88}}],"line":461}},"s":{"0":0,"1":0,"2":0,"3":0,"4":0,"5":0,"6":0,"7":0,"8":0,"9":0,"10":0,"11":0,"12":0,"13":0,"14":0,"15":0,"16":0,"17":0,"18":0,"19":0,"20":0,"21":0,"22":0,"23":0,"24":0,"25":0,"26":0,"27":0,"28":0,"29":0,"30":0,"31":0,"32":0,"33":0,"34":0,"35":0,"36":0,"37":0,"38":0,"39":0,"40":0,"41":0,"42":0,"43":0,"44":0,"45":0,"46":0,"47":0,"48":0,"49":0,"50":0,"51":0,"52":0,"53":0,"54":0,"55":0,"56":0,"57":0,"58":0,"59":0,"60":0,"61":0,"62":0,"63":0,"64":0,"65":0,"66":0,"67":0,"68":0,"69":0,"70":0,"71":0,"72":0,"73":0,"74":0,"75":0,"76":0,"77":0,"78":0,"79":0,"80":0,"81":0,"82":0,"83":0,"84":0,"85":0,"86":0,"87":0,"88":0,"89":0,"90":0,"91":0,"92":0,"93":0,"94":0,"95":0,"96":0,"97":0,"98":0,"99":0,"100":0,"101":0,"102":0,"103":0,"104":0,"105":0,"106":0,"107":0,"108":0,"109":0,"110":0,"111":0,"112":0,"113":0,"114":0,"115":0,"116":0,"117":0,"118":0,"119":0,"120":0,"121":0,"122":0,"123":0,"124":0,"125":0,"126":0,"127":0,"128":0,"129":0,"130":0,"131":0,"132":0,"133":0,"134":0,"135":0,"136":0,"137":0,"138":0,"139":0,"140":0,"141":0,"142":0,"143":0,"144":0,"145":0,"146":0,"147":0,"148":0,"149":0,"150":0,"151":0,"152":0,"153":0,"154":0,"155":0,"156":0,"157":0,"158":0,"159":0,"160":0,"161":0,"162":0,"163":0,"164":0,"165":0,"166":0,"167":0,"168":0,"169":0,"170":0,"171":0,"172":0,"173":0,"174":0,"175":0,"176":0,"177":0,"178":0,"179":0,"180":0,"181":0,"182":0,"183":0,"184":0,"185":0,"186":0,"187":0,"188":0,"189":0,"190":0,"191":0,"192":0,"193":0,"194":0,"195":0,"196":0,"197":0,"198":0,"199":0,"200":0,"201":0,"202":0,"203":0,"204":0,"205":0,"206":0,"207":0,"208":0,"209":0,"210":0,"211":0,"212":0,"213":0,"214":0,"215":0,"216":0,"217":0,"218":0,"219":0,"220":0,"221":0,"222":0,"223":0,"224":0,"225":0,"226":0,"227":0,"228":0,"229":0,"230":0,"231":0,"232":0,"233":0,"234":0},"f":{"0":0,"1":0,"2":0,"3":0,"4":0,"5":0,"6":0,"7":0,"8":0,"9":0,"10":0,"11":0,"12":0,"13":0,"14":0,"15":0,"16":0,"17":0,"18":0,"19":0,"20":0,"21":0,"22":0,"23":0,"24":0},"b":{"0":[0,0],"1":[0,0,0],"2":[0,0],"3":[0,0],"4":[0,0],"5":[0,0],"6":[0,0],"7":[0,0],"8":[0,0],"9":[0,0],"10":[0,0],"11":[0,0,0],"12":[0,0],"13":[0,0,0,0],"14":[0,0],"15":[0,0],"16":[0,0],"17":[0,0],"18":[0,0],"19":[0,0],"20":[0,0,0],"21":[0,0],"22":[0,0],"23":[0,0],"24":[0,0],"25":[0,0],"26":[0,0],"27":[0,0],"28":[0,0],"29":[0,0],"30":[0,0],"31":[0,0],"32":[0,0],"33":[0,0],"34":[0,0],"35":[0,0],"36":[0,0],"37":[0,0],"38":[0,0,0,0],"39":[0,0],"40":[0,0,0,0,0,0,0],"41":[0,0],"42":[0,0],"43":[0,0],"44":[0,0],"45":[0,0,0,0,0,0,0,0,0,0],"46":[0,0],"47":[0,0],"48":[0,0],"49":[0,0],"50":[0,0],"51":[0,0],"52":[0,0,0],"53":[0,0],"54":[0,0],"55":[0,0],"56":[0,0,0],"57":[0,0],"58":[0,0],"59":[0,0]}}
,"/Users/u102105/workspace/python/falken_drinks/static/js/falken.js": {"path":"/Users/u102105/workspace/python/falken_drinks/static/js/falken.js","statementMap":{"0":{"start":{"line":3,"column":13},"end":{"line":3,"column":40}},"1":{"start":{"line":5,"column":4},"end":{"line":10,"column":5}},"2":{"start":{"line":6,"column":11},"end":{"line":6,"column":40}},"3":{"start":{"line":9,"column":11},"end":{"line":9,"column":41}},"4":{"start":{"line":15,"column":19},"end":{"line":15,"column":53}},"5":{"start":{"line":16,"column":13},"end":{"line":16,"column":40}},"6":{"start":{"line":18,"column":4},"end":{"line":20,"column":5}},"7":{"start":{"line":19,"column":8},"end":{"line":19,"column":15}},"8":{"start":{"line":22,"column":4},"end":{"line":22,"column":53}},"9":{"start":{"line":24,"column":4},"end":{"line":29,"column":5}},"10":{"start":{"line":25,"column":11},"end":{"line":25,"column":41}},"11":{"start":{"line":28,"column":11},"end":{"line":28,"column":40}}},"fnMap":{"0":{"name":"toggleVisibility","decl":{"start":{"line":2,"column":9},"end":{"line":2,"column":25}},"loc":{"start":{"line":2,"column":30},"end":{"line":11,"column":1}},"line":2},"1":{"name":"activeVisibility","decl":{"start":{"line":14,"column":9},"end":{"line":14,"column":25}},"loc":{"start":{"line":14,"column":41},"end":{"line":30,"column":1}},"line":14}},"branchMap":{"0":{"loc":{"start":{"line":5,"column":4},"end":{"line":10,"column":5}},"type":"if","locations":[{"start":{"line":5,"column":4},"end":{"line":10,"column":5}},{"start":{"line":8,"column":9},"end":{"line":10,"column":5}}],"line":5},"1":{"loc":{"start":{"line":18,"column":4},"end":{"line":20,"column":5}},"type":"if","locations":[{"start":{"line":18,"column":4},"end":{"line":20,"column":5}},{"start":{},"end":{}}],"line":18},"2":{"loc":{"start":{"line":18,"column":8},"end":{"line":18,"column":38}},"type":"binary-expr","locations":[{"start":{"line":18,"column":8},"end":{"line":18,"column":24}},{"start":{"line":18,"column":28},"end":{"line":18,"column":38}}],"line":18},"3":{"loc":{"start":{"line":24,"column":4},"end":{"line":29,"column":5}},"type":"if","locations":[{"start":{"line":24,"column":4},"end":{"line":29,"column":5}},{"start":{"line":27,"column":9},"end":{"line":29,"column":5}}],"line":24}},"s":{"0":0,"1":0,"2":0,"3":0,"4":0,"5":0,"6":0,"7":0,"8":0,"9":0,"10":0,"11":0},"f":{"0":0,"1":0},"b":{"0":[0,0],"1":[0,0],"2":[0,0],"3":[0,0]}}
}
