TN:
SF:static/js/drink_selector.js
FN:2,(anonymous_0)
FN:25,(anonymous_1)
FN:26,(anonymous_2)
FN:39,(anonymous_3)
FN:53,(anonymous_4)
FN:63,(anonymous_5)
FN:75,(anonymous_6)
FN:76,(anonymous_7)
FN:99,showCarouselError
FN:111,(anonymous_9)
FN:114,clearCarouselError
FN:125,addDrink
FN:197,(anonymous_12)
FN:200,(anonymous_13)
FN:202,(anonymous_14)
FN:212,(anonymous_15)
FN:254,(anonymous_16)
FN:266,(anonymous_17)
FN:277,(anonymous_18)
FN:296,selectDrink
FN:304,(anonymous_20)
FN:436,selectAmount
FN:464,selectCustomAmount
FN:492,changeCustomAmount
FN:501,confirmCustomAmount
FN:520,resetAmountOptionStyles
FN:521,(anonymous_26)
FN:537,highlightAmountOption
FN:550,updateCustomAmountOptionLabel
FN:561,confirmCustomAlcohol
FN:586,getSelectedAlcoholPercentage
FN:600,showRepeatBanner
FN:612,repeatLastDrink
FN:642,(anonymous_33)
FN:644,(anonymous_34)
FN:646,(anonymous_35)
FN:652,(anonymous_36)
FN:664,(anonymous_37)
FN:673,(anonymous_38)
FN:686,showDrinkToast
FNF:40
FNH:0
FNDA:0,(anonymous_0)
FNDA:0,(anonymous_1)
FNDA:0,(anonymous_2)
FNDA:0,(anonymous_3)
FNDA:0,(anonymous_4)
FNDA:0,(anonymous_5)
FNDA:0,(anonymous_6)
FNDA:0,(anonymous_7)
FNDA:0,showCarouselError
FNDA:0,(anonymous_9)
FNDA:0,clearCarouselError
FNDA:0,addDrink
FNDA:0,(anonymous_12)
FNDA:0,(anonymous_13)
FNDA:0,(anonymous_14)
FNDA:0,(anonymous_15)
FNDA:0,(anonymous_16)
FNDA:0,(anonymous_17)
FNDA:0,(anonymous_18)
FNDA:0,selectDrink
FNDA:0,(anonymous_20)
FNDA:0,selectAmount
FNDA:0,selectCustomAmount
FNDA:0,changeCustomAmount
FNDA:0,confirmCustomAmount
FNDA:0,resetAmountOptionStyles
FNDA:0,(anonymous_26)
FNDA:0,highlightAmountOption
FNDA:0,updateCustomAmountOptionLabel
FNDA:0,confirmCustomAlcohol
FNDA:0,getSelectedAlcoholPercentage
FNDA:0,showRepeatBanner
FNDA:0,repeatLastDrink
FNDA:0,(anonymous_33)
FNDA:0,(anonymous_34)
FNDA:0,(anonymous_35)
FNDA:0,(anonymous_36)
FNDA:0,(anonymous_37)
FNDA:0,(anonymous_38)
FNDA:0,showDrinkToast
DA:2,0
DA:4,0
DA:5,0
DA:6,0
DA:7,0
DA:8,0
DA:9,0
DA:13,0
DA:14,0
DA:15,0
DA:16,0
DA:20,0
DA:21,0
DA:22,0
DA:24,0
DA:25,0
DA:26,0
DA:27,0
DA:28,0
DA:30,0
DA:37,0
DA:38,0
DA:39,0
DA:40,0
DA:41,0
DA:42,0
DA:43,0
DA:45,0
DA:51,0
DA:52,0
DA:53,0
DA:54,0
DA:55,0
DA:61,0
DA:62,0
DA:63,0
DA:64,0
DA:65,0
DA:71,0
DA:72,0
DA:74,0
DA:75,0
DA:76,0
DA:77,0
DA:78,0
DA:80,0
DA:81,0
DA:82,0
DA:83,0
DA:92,0
DA:93,0
DA:94,0
DA:95,0
DA:96,0
DA:97,0
DA:100,0
DA:101,0
DA:102,0
DA:103,0
DA:104,0
DA:105,0
DA:106,0
DA:107,0
DA:108,0
DA:110,0
DA:111,0
DA:115,0
DA:116,0
DA:117,0
DA:118,0
DA:119,0
DA:126,0
DA:128,0
DA:129,0
DA:130,0
DA:131,0
DA:132,0
DA:134,0
DA:136,0
DA:137,0
DA:138,0
DA:141,0
DA:143,0
DA:144,0
DA:145,0
DA:148,0
DA:151,0
DA:152,0
DA:153,0
DA:154,0
DA:155,0
DA:160,0
DA:161,0
DA:163,0
DA:164,0
DA:165,0
DA:170,0
DA:171,0
DA:178,0
DA:181,0
DA:182,0
DA:183,0
DA:184,0
DA:185,0
DA:189,0
DA:198,0
DA:200,0
DA:201,0
DA:203,0
DA:206,0
DA:207,0
DA:208,0
DA:210,0
DA:213,0
DA:214,0
DA:215,0
DA:217,0
DA:221,0
DA:226,0
DA:227,0
DA:230,0
DA:231,0
DA:232,0
DA:234,0
DA:237,0
DA:238,0
DA:239,0
DA:243,0
DA:244,0
DA:245,0
DA:249,0
DA:250,0
DA:251,0
DA:254,0
DA:255,0
DA:256,0
DA:260,0
DA:261,0
DA:262,0
DA:266,0
DA:267,0
DA:270,0
DA:271,0
DA:272,0
DA:273,0
DA:278,0
DA:279,0
DA:280,0
DA:281,0
DA:283,0
DA:284,0
DA:285,0
DA:286,0
DA:288,0
DA:297,0
DA:298,0
DA:299,0
DA:300,0
DA:303,0
DA:304,0
DA:305,0
DA:306,0
DA:307,0
DA:311,0
DA:312,0
DA:313,0
DA:314,0
DA:317,0
DA:318,0
DA:321,0
DA:322,0
DA:323,0
DA:326,0
DA:327,0
DA:328,0
DA:330,0
DA:331,0
DA:333,0
DA:334,0
DA:336,0
DA:337,0
DA:339,0
DA:340,0
DA:344,0
DA:346,0
DA:347,0
DA:348,0
DA:355,0
DA:357,0
DA:358,0
DA:360,0
DA:361,0
DA:366,0
DA:367,0
DA:369,0
DA:372,0
DA:373,0
DA:374,0
DA:377,0
DA:378,0
DA:379,0
DA:380,0
DA:387,0
DA:388,0
DA:389,0
DA:392,0
DA:393,0
DA:397,0
DA:398,0
DA:399,0
DA:401,0
DA:402,0
DA:404,0
DA:405,0
DA:407,0
DA:408,0
DA:410,0
DA:411,0
DA:413,0
DA:414,0
DA:416,0
DA:417,0
DA:419,0
DA:420,0
DA:422,0
DA:423,0
DA:425,0
DA:426,0
DA:428,0
DA:437,0
DA:438,0
DA:439,0
DA:440,0
DA:441,0
DA:442,0
DA:443,0
DA:444,0
DA:445,0
DA:449,0
DA:450,0
DA:451,0
DA:455,0
DA:456,0
DA:457,0
DA:465,0
DA:466,0
DA:469,0
DA:470,0
DA:473,0
DA:474,0
DA:475,0
DA:478,0
DA:479,0
DA:480,0
DA:481,0
DA:483,0
DA:484,0
DA:493,0
DA:494,0
DA:495,0
DA:502,0
DA:503,0
DA:504,0
DA:505,0
DA:506,0
DA:508,0
DA:509,0
DA:510,0
DA:511,0
DA:512,0
DA:513,0
DA:514,0
DA:515,0
DA:517,0
DA:521,0
DA:522,0
DA:523,0
DA:524,0
DA:526,0
DA:527,0
DA:530,0
DA:531,0
DA:532,0
DA:533,0
DA:538,0
DA:539,0
DA:540,0
DA:542,0
DA:543,0
DA:544,0
DA:545,0
DA:546,0
DA:547,0
DA:551,0
DA:552,0
DA:553,0
DA:555,0
DA:562,0
DA:563,0
DA:564,0
DA:565,0
DA:568,0
DA:569,0
DA:570,0
DA:571,0
DA:574,0
DA:577,0
DA:580,0
DA:587,0
DA:588,0
DA:590,0
DA:591,0
DA:593,0
DA:601,0
DA:602,0
DA:603,0
DA:605,0
DA:606,0
DA:613,0
DA:615,0
DA:616,0
DA:617,0
DA:619,0
DA:627,0
DA:628,0
DA:629,0
DA:630,0
DA:631,0
DA:634,0
DA:636,0
DA:643,0
DA:644,0
DA:645,0
DA:647,0
DA:650,0
DA:653,0
DA:654,0
DA:655,0
DA:656,0
DA:658,0
DA:659,0
DA:660,0
DA:661,0
DA:663,0
DA:664,0
DA:666,0
DA:667,0
DA:668,0
DA:669,0
DA:674,0
DA:675,0
DA:676,0
DA:677,0
DA:678,0
DA:687,0
DA:688,0
DA:689,0
DA:691,0
DA:692,0
DA:694,0
DA:695,0
LF:361
LH:0
BRDA:5,0,0,0
BRDA:5,0,1,0
BRDA:14,1,0,0
BRDA:14,1,1,0
BRDA:24,2,0,0
BRDA:24,2,1,0
BRDA:24,3,0,0
BRDA:24,3,1,0
BRDA:24,3,2,0
BRDA:27,4,0,0
BRDA:27,4,1,0
BRDA:38,5,0,0
BRDA:38,5,1,0
BRDA:41,6,0,0
BRDA:41,6,1,0
BRDA:41,7,0,0
BRDA:41,7,1,0
BRDA:52,8,0,0
BRDA:52,8,1,0
BRDA:54,9,0,0
BRDA:54,9,1,0
BRDA:62,10,0,0
BRDA:62,10,1,0
BRDA:64,11,0,0
BRDA:64,11,1,0
BRDA:74,12,0,0
BRDA:74,12,1,0
BRDA:74,13,0,0
BRDA:74,13,1,0
BRDA:74,13,2,0
BRDA:77,14,0,0
BRDA:77,14,1,0
BRDA:77,15,0,0
BRDA:77,15,1,0
BRDA:77,15,2,0
BRDA:77,15,3,0
BRDA:82,16,0,0
BRDA:82,16,1,0
BRDA:101,17,0,0
BRDA:101,17,1,0
BRDA:102,18,0,0
BRDA:102,18,1,0
BRDA:104,19,0,0
BRDA:104,19,1,0
BRDA:111,20,0,0
BRDA:111,20,1,0
BRDA:116,21,0,0
BRDA:116,21,1,0
BRDA:117,22,0,0
BRDA:117,22,1,0
BRDA:119,23,0,0
BRDA:119,23,1,0
BRDA:136,24,0,0
BRDA:136,24,1,0
BRDA:143,25,0,0
BRDA:143,25,1,0
BRDA:143,26,0,0
BRDA:143,26,1,0
BRDA:143,26,2,0
BRDA:143,26,3,0
BRDA:148,27,0,0
BRDA:148,27,1,0
BRDA:152,28,0,0
BRDA:152,28,1,0
BRDA:154,29,0,0
BRDA:154,29,1,0
BRDA:154,30,0,0
BRDA:154,30,1,0
BRDA:161,31,0,0
BRDA:161,31,1,0
BRDA:161,32,0,0
BRDA:161,32,1,0
BRDA:164,33,0,0
BRDA:164,33,1,0
BRDA:164,34,0,0
BRDA:164,34,1,0
BRDA:175,35,0,0
BRDA:175,35,1,0
BRDA:182,36,0,0
BRDA:182,36,1,0
BRDA:183,37,0,0
BRDA:183,37,1,0
BRDA:198,38,0,0
BRDA:198,38,1,0
BRDA:201,39,0,0
BRDA:201,39,1,0
BRDA:207,40,0,0
BRDA:207,40,1,0
BRDA:207,41,0,0
BRDA:207,41,1,0
BRDA:213,42,0,0
BRDA:213,42,1,0
BRDA:214,43,0,0
BRDA:214,43,1,0
BRDA:231,44,0,0
BRDA:231,44,1,0
BRDA:237,45,0,0
BRDA:237,45,1,0
BRDA:244,46,0,0
BRDA:244,46,1,0
BRDA:261,47,0,0
BRDA:261,47,1,0
BRDA:271,48,0,0
BRDA:271,48,1,0
BRDA:279,49,0,0
BRDA:279,49,1,0
BRDA:283,50,0,0
BRDA:283,50,1,0
BRDA:285,51,0,0
BRDA:285,51,1,0
BRDA:321,52,0,0
BRDA:321,52,1,0
BRDA:322,53,0,0
BRDA:322,53,1,0
BRDA:327,54,0,0
BRDA:327,54,1,0
BRDA:328,55,0,0
BRDA:328,55,1,0
BRDA:328,55,2,0
BRDA:328,55,3,0
BRDA:347,56,0,0
BRDA:347,56,1,0
BRDA:355,57,0,0
BRDA:355,57,1,0
BRDA:355,57,2,0
BRDA:355,57,3,0
BRDA:355,57,4,0
BRDA:355,57,5,0
BRDA:355,57,6,0
BRDA:373,58,0,0
BRDA:373,58,1,0
BRDA:378,59,0,0
BRDA:378,59,1,0
BRDA:388,60,0,0
BRDA:388,60,1,0
BRDA:398,61,0,0
BRDA:398,61,1,0
BRDA:399,62,0,0
BRDA:399,62,1,0
BRDA:399,62,2,0
BRDA:399,62,3,0
BRDA:399,62,4,0
BRDA:399,62,5,0
BRDA:399,62,6,0
BRDA:399,62,7,0
BRDA:399,62,8,0
BRDA:399,62,9,0
BRDA:444,63,0,0
BRDA:444,63,1,0
BRDA:450,64,0,0
BRDA:450,64,1,0
BRDA:456,65,0,0
BRDA:456,65,1,0
BRDA:474,66,0,0
BRDA:474,66,1,0
BRDA:479,67,0,0
BRDA:479,67,1,0
BRDA:480,68,0,0
BRDA:480,68,1,0
BRDA:480,69,0,0
BRDA:480,69,1,0
BRDA:494,70,0,0
BRDA:494,70,1,0
BRDA:504,71,0,0
BRDA:504,71,1,0
BRDA:504,72,0,0
BRDA:504,72,1,0
BRDA:504,72,2,0
BRDA:513,73,0,0
BRDA:513,73,1,0
BRDA:523,74,0,0
BRDA:523,74,1,0
BRDA:527,75,0,0
BRDA:527,75,1,0
BRDA:538,76,0,0
BRDA:538,76,1,0
BRDA:539,77,0,0
BRDA:539,77,1,0
BRDA:539,78,0,0
BRDA:539,78,1,0
BRDA:552,79,0,0
BRDA:552,79,1,0
BRDA:555,80,0,0
BRDA:555,80,1,0
BRDA:563,81,0,0
BRDA:563,81,1,0
BRDA:563,82,0,0
BRDA:563,82,1,0
BRDA:569,83,0,0
BRDA:569,83,1,0
BRDA:569,84,0,0
BRDA:569,84,1,0
BRDA:569,84,2,0
BRDA:588,85,0,0
BRDA:588,85,1,0
BRDA:590,86,0,0
BRDA:590,86,1,0
BRDA:591,87,0,0
BRDA:591,87,1,0
BRDA:603,88,0,0
BRDA:603,88,1,0
BRDA:603,89,0,0
BRDA:603,89,1,0
BRDA:613,90,0,0
BRDA:613,90,1,0
BRDA:628,91,0,0
BRDA:628,91,1,0
BRDA:629,92,0,0
BRDA:629,92,1,0
BRDA:643,93,0,0
BRDA:643,93,1,0
BRDA:645,94,0,0
BRDA:645,94,1,0
BRDA:653,95,0,0
BRDA:653,95,1,0
BRDA:655,96,0,0
BRDA:655,96,1,0
BRDA:659,97,0,0
BRDA:659,97,1,0
BRDA:667,98,0,0
BRDA:667,98,1,0
BRDA:676,99,0,0
BRDA:676,99,1,0
BRDA:689,100,0,0
BRDA:689,100,1,0
BRDA:689,101,0,0
BRDA:689,101,1,0
BRF:227
BRH:0
end_of_record
TN:
SF:static/js/falken.js
FN:2,toggleVisibility
FN:14,activeVisibility
FNF:2
FNH:0
FNDA:0,toggleVisibility
FNDA:0,activeVisibility
DA:3,0
DA:5,0
DA:6,0
DA:9,0
DA:15,0
DA:16,0
DA:18,0
DA:19,0
DA:22,0
DA:24,0
DA:25,0
DA:28,0
LF:12
LH:0
BRDA:5,0,0,0
BRDA:5,0,1,0
BRDA:18,1,0,0
BRDA:18,1,1,0
BRDA:18,2,0,0
BRDA:18,2,1,0
BRDA:24,3,0,0
BRDA:24,3,1,0
BRF:8
BRH:0
end_of_record
