TN:
SF:static/js/drink_selector.js
FN:2,(anonymous_0)
FN:9,(anonymous_1)
FN:10,(anonymous_2)
FN:23,(anonymous_3)
FN:37,(anonymous_4)
FN:47,(anonymous_5)
FN:59,(anonymous_6)
FN:60,(anonymous_7)
FN:83,addDrink
FN:141,(anonymous_9)
FN:144,(anonymous_10)
FN:146,(anonymous_11)
FN:156,(anonymous_12)
FN:176,(anonymous_13)
FN:188,(anonymous_14)
FN:195,(anonymous_15)
FN:210,selectDrink
FN:216,(anonymous_17)
FN:348,selectAmount
FN:351,(anonymous_19)
FN:383,selectCustomAmount
FN:388,(anonymous_21)
FN:415,confirmCustomAmount
FN:431,confirmCustomAlcohol
FN:456,getSelectedAlcoholPercentage
FNF:25
FNH:0
FNDA:0,(anonymous_0)
FNDA:0,(anonymous_1)
FNDA:0,(anonymous_2)
FNDA:0,(anonymous_3)
FNDA:0,(anonymous_4)
FNDA:0,(anonymous_5)
FNDA:0,(anonymous_6)
FNDA:0,(anonymous_7)
FNDA:0,addDrink
FNDA:0,(anonymous_9)
FNDA:0,(anonymous_10)
FNDA:0,(anonymous_11)
FNDA:0,(anonymous_12)
FNDA:0,(anonymous_13)
FNDA:0,(anonymous_14)
FNDA:0,(anonymous_15)
FNDA:0,selectDrink
FNDA:0,(anonymous_17)
FNDA:0,selectAmount
FNDA:0,(anonymous_19)
FNDA:0,selectCustomAmount
FNDA:0,(anonymous_21)
FNDA:0,confirmCustomAmount
FNDA:0,confirmCustomAlcohol
FNDA:0,getSelectedAlcoholPercentage
DA:2,0
DA:4,0
DA:5,0
DA:6,0
DA:8,0
DA:9,0
DA:10,0
DA:11,0
DA:12,0
DA:14,0
DA:21,0
DA:22,0
DA:23,0
DA:24,0
DA:25,0
DA:26,0
DA:27,0
DA:29,0
DA:35,0
DA:36,0
DA:37,0
DA:38,0
DA:39,0
DA:45,0
DA:46,0
DA:47,0
DA:48,0
DA:49,0
DA:55,0
DA:56,0
DA:58,0
DA:59,0
DA:60,0
DA:61,0
DA:62,0
DA:64,0
DA:65,0
DA:66,0
DA:67,0
DA:76,0
DA:77,0
DA:78,0
DA:84,0
DA:86,0
DA:87,0
DA:88,0
DA:89,0
DA:90,0
DA:92,0
DA:93,0
DA:94,0
DA:97,0
DA:100,0
DA:101,0
DA:102,0
DA:103,0
DA:104,0
DA:108,0
DA:109,0
DA:110,0
DA:114,0
DA:115,0
DA:117,0
DA:118,0
DA:119,0
DA:124,0
DA:130,0
DA:133,0
DA:142,0
DA:144,0
DA:145,0
DA:147,0
DA:150,0
DA:151,0
DA:152,0
DA:154,0
DA:157,0
DA:158,0
DA:159,0
DA:162,0
DA:167,0
DA:168,0
DA:169,0
DA:173,0
DA:176,0
DA:177,0
DA:178,0
DA:182,0
DA:183,0
DA:184,0
DA:188,0
DA:189,0
DA:192,0
DA:196,0
DA:197,0
DA:198,0
DA:199,0
DA:200,0
DA:202,0
DA:211,0
DA:212,0
DA:215,0
DA:216,0
DA:217,0
DA:218,0
DA:219,0
DA:223,0
DA:224,0
DA:225,0
DA:226,0
DA:229,0
DA:230,0
DA:233,0
DA:234,0
DA:235,0
DA:238,0
DA:239,0
DA:240,0
DA:242,0
DA:243,0
DA:245,0
DA:246,0
DA:248,0
DA:249,0
DA:251,0
DA:252,0
DA:256,0
DA:258,0
DA:259,0
DA:260,0
DA:267,0
DA:269,0
DA:270,0
DA:272,0
DA:273,0
DA:278,0
DA:279,0
DA:281,0
DA:284,0
DA:285,0
DA:286,0
DA:289,0
DA:290,0
DA:291,0
DA:292,0
DA:299,0
DA:300,0
DA:301,0
DA:304,0
DA:305,0
DA:309,0
DA:310,0
DA:311,0
DA:313,0
DA:314,0
DA:316,0
DA:317,0
DA:319,0
DA:320,0
DA:322,0
DA:323,0
DA:325,0
DA:326,0
DA:328,0
DA:329,0
DA:331,0
DA:332,0
DA:334,0
DA:335,0
DA:337,0
DA:338,0
DA:340,0
DA:349,0
DA:350,0
DA:351,0
DA:352,0
DA:353,0
DA:354,0
DA:355,0
DA:356,0
DA:358,0
DA:359,0
DA:360,0
DA:361,0
DA:362,0
DA:363,0
DA:364,0
DA:368,0
DA:369,0
DA:370,0
DA:374,0
DA:375,0
DA:376,0
DA:384,0
DA:387,0
DA:388,0
DA:389,0
DA:390,0
DA:394,0
DA:395,0
DA:396,0
DA:399,0
DA:400,0
DA:401,0
DA:404,0
DA:405,0
DA:406,0
DA:407,0
DA:416,0
DA:417,0
DA:418,0
DA:419,0
DA:420,0
DA:422,0
DA:423,0
DA:424,0
DA:425,0
DA:432,0
DA:433,0
DA:434,0
DA:435,0
DA:438,0
DA:439,0
DA:440,0
DA:441,0
DA:444,0
DA:447,0
DA:450,0
DA:457,0
DA:458,0
DA:460,0
DA:461,0
DA:463,0
LF:233
LH:0
BRDA:8,0,0,0
BRDA:8,0,1,0
BRDA:8,1,0,0
BRDA:8,1,1,0
BRDA:8,1,2,0
BRDA:11,2,0,0
BRDA:11,2,1,0
BRDA:22,3,0,0
BRDA:22,3,1,0
BRDA:25,4,0,0
BRDA:25,4,1,0
BRDA:25,5,0,0
BRDA:25,5,1,0
BRDA:36,6,0,0
BRDA:36,6,1,0
BRDA:38,7,0,0
BRDA:38,7,1,0
BRDA:46,8,0,0
BRDA:46,8,1,0
BRDA:48,9,0,0
BRDA:48,9,1,0
BRDA:58,10,0,0
BRDA:58,10,1,0
BRDA:58,11,0,0
BRDA:58,11,1,0
BRDA:58,11,2,0
BRDA:61,12,0,0
BRDA:61,12,1,0
BRDA:61,13,0,0
BRDA:61,13,1,0
BRDA:61,13,2,0
BRDA:61,13,3,0
BRDA:66,14,0,0
BRDA:66,14,1,0
BRDA:92,15,0,0
BRDA:92,15,1,0
BRDA:101,16,0,0
BRDA:101,16,1,0
BRDA:103,17,0,0
BRDA:103,17,1,0
BRDA:103,18,0,0
BRDA:103,18,1,0
BRDA:108,19,0,0
BRDA:108,19,1,0
BRDA:108,20,0,0
BRDA:108,20,1,0
BRDA:108,20,2,0
BRDA:115,21,0,0
BRDA:115,21,1,0
BRDA:115,22,0,0
BRDA:115,22,1,0
BRDA:118,23,0,0
BRDA:118,23,1,0
BRDA:118,24,0,0
BRDA:118,24,1,0
BRDA:142,25,0,0
BRDA:142,25,1,0
BRDA:145,26,0,0
BRDA:145,26,1,0
BRDA:151,27,0,0
BRDA:151,27,1,0
BRDA:151,28,0,0
BRDA:151,28,1,0
BRDA:157,29,0,0
BRDA:157,29,1,0
BRDA:158,30,0,0
BRDA:158,30,1,0
BRDA:168,31,0,0
BRDA:168,31,1,0
BRDA:183,32,0,0
BRDA:183,32,1,0
BRDA:197,33,0,0
BRDA:197,33,1,0
BRDA:199,34,0,0
BRDA:199,34,1,0
BRDA:233,35,0,0
BRDA:233,35,1,0
BRDA:234,36,0,0
BRDA:234,36,1,0
BRDA:239,37,0,0
BRDA:239,37,1,0
BRDA:240,38,0,0
BRDA:240,38,1,0
BRDA:240,38,2,0
BRDA:240,38,3,0
BRDA:259,39,0,0
BRDA:259,39,1,0
BRDA:267,40,0,0
BRDA:267,40,1,0
BRDA:267,40,2,0
BRDA:267,40,3,0
BRDA:267,40,4,0
BRDA:267,40,5,0
BRDA:267,40,6,0
BRDA:285,41,0,0
BRDA:285,41,1,0
BRDA:290,42,0,0
BRDA:290,42,1,0
BRDA:300,43,0,0
BRDA:300,43,1,0
BRDA:310,44,0,0
BRDA:310,44,1,0
BRDA:311,45,0,0
BRDA:311,45,1,0
BRDA:311,45,2,0
BRDA:311,45,3,0
BRDA:311,45,4,0
BRDA:311,45,5,0
BRDA:311,45,6,0
BRDA:311,45,7,0
BRDA:311,45,8,0
BRDA:311,45,9,0
BRDA:359,46,0,0
BRDA:359,46,1,0
BRDA:369,47,0,0
BRDA:369,47,1,0
BRDA:375,48,0,0
BRDA:375,48,1,0
BRDA:400,49,0,0
BRDA:400,49,1,0
BRDA:405,50,0,0
BRDA:405,50,1,0
BRDA:418,51,0,0
BRDA:418,51,1,0
BRDA:418,52,0,0
BRDA:418,52,1,0
BRDA:418,52,2,0
BRDA:433,53,0,0
BRDA:433,53,1,0
BRDA:433,54,0,0
BRDA:433,54,1,0
BRDA:439,55,0,0
BRDA:439,55,1,0
BRDA:439,56,0,0
BRDA:439,56,1,0
BRDA:439,56,2,0
BRDA:458,57,0,0
BRDA:458,57,1,0
BRDA:460,58,0,0
BRDA:460,58,1,0
BRDA:461,59,0,0
BRDA:461,59,1,0
BRF:142
BRH:0
end_of_record
TN:
SF:static/js/falken.js
FN:2,toggleVisibility
FN:14,activeVisibility
FNF:2
FNH:0
FNDA:0,toggleVisibility
FNDA:0,activeVisibility
DA:3,0
DA:5,0
DA:6,0
DA:9,0
DA:15,0
DA:16,0
DA:18,0
DA:19,0
DA:22,0
DA:24,0
DA:25,0
DA:28,0
LF:12
LH:0
BRDA:5,0,0,0
BRDA:5,0,1,0
BRDA:18,1,0,0
BRDA:18,1,1,0
BRDA:18,2,0,0
BRDA:18,2,1,0
BRDA:24,3,0,0
BRDA:24,3,1,0
BRF:8
BRH:0
end_of_record
